# JRE version: Java(TM) SE Runtime Environment (8.0_77-b03) (build 1.8.0_77-b03)
# Java VM: Java HotSpot(TM) 64-Bit Server VM (25.77-b03 mixed mode windows-amd64 compressed oops)
Heap:
 PSYoungGen      total 86528K, used 53316K [0x00000000eab00000, 0x00000000f0b00000, 0x0000000100000000)
  eden space 74752K, 71% used [0x00000000eab00000,0x00000000edf11250,0x00000000ef400000)
  from space 11776K, 0% used [0x00000000eff00000,0x00000000eff00000,0x00000000f0a80000)
  to   space 11264K, 0% used [0x00000000ef400000,0x00000000ef400000,0x00000000eff00000)
 ParOldGen       total 89088K, used 15877K [0x00000000c0000000, 0x00000000c5700000, 0x00000000eab00000)
  object space 89088K, 17% used [0x00000000c0000000,0x00000000c0f816e0,0x00000000c5700000)
 Metaspace       used 40426K, capacity 41276K, committed 41512K, reserved 1085440K
  class space    used 5555K, capacity 5844K, committed 5936K, reserved 1048576K
GC Heap History (10 events):
Event: 15.175 GC heap before
{Heap before GC invocations=8 (full 1):
 PSYoungGen      total 44032K, used 38224K [0x00000000eab00000, 0x00000000eef80000, 0x0000000100000000)
  eden space 33280K, 100% used [0x00000000eab00000,0x00000000ecb80000,0x00000000ecb80000)
  from space 10752K, 45% used [0x00000000ed580000,0x00000000eda54000,0x00000000ee000000)
  to   space 10240K, 0% used [0x00000000ecb80000,0x00000000ecb80000,0x00000000ed580000)
 ParOldGen       total 61440K, used 8701K [0x00000000c0000000, 0x00000000c3c00000, 0x00000000eab00000)
  object space 61440K, 14% used [0x00000000c0000000,0x00000000c087f598,0x00000000c3c00000)
 Metaspace       used 28115K, capacity 28606K, committed 28976K, reserved 1075200K
  class space    used 3896K, capacity 4048K, committed 4144K, reserved 1048576K
Event: 15.189 GC heap after
Heap after GC invocations=8 (full 1):
 PSYoungGen      total 43520K, used 5707K [0x00000000eab00000, 0x00000000ef200000, 0x0000000100000000)
  eden space 33280K, 0% used [0x00000000eab00000,0x00000000eab00000,0x00000000ecb80000)
  from space 10240K, 55% used [0x00000000ecb80000,0x00000000ed112ce0,0x00000000ed580000)
  to   space 9728K, 0% used [0x00000000ee880000,0x00000000ee880000,0x00000000ef200000)
 ParOldGen       total 61440K, used 8709K [0x00000000c0000000, 0x00000000c3c00000, 0x00000000eab00000)
  object space 61440K, 14% used [0x00000000c0000000,0x00000000c0881598,0x00000000c3c00000)
 Metaspace       used 28115K, capacity 28606K, committed 28976K, reserved 1075200K
  class space    used 3896K, capacity 4048K, committed 4144K, reserved 1048576K
}
Event: 18.301 GC heap before
{Heap before GC invocations=9 (full 1):
 PSYoungGen      total 43520K, used 38987K [0x00000000eab00000, 0x00000000ef200000, 0x0000000100000000)
  eden space 33280K, 100% used [0x00000000eab00000,0x00000000ecb80000,0x00000000ecb80000)
  from space 10240K, 55% used [0x00000000ecb80000,0x00000000ed112ce0,0x00000000ed580000)
  to   space 9728K, 0% used [0x00000000ee880000,0x00000000ee880000,0x00000000ef200000)
 ParOldGen       total 61440K, used 8709K [0x00000000c0000000, 0x00000000c3c00000, 0x00000000eab00000)
  object space 61440K, 14% used [0x00000000c0000000,0x00000000c0881598,0x00000000c3c00000)
 Metaspace       used 30498K, capacity 31164K, committed 31280K, reserved 1077248K
  class space    used 4153K, capacity 4342K, committed 4400K, reserved 1048576K
Event: 18.384 GC heap after
Heap after GC invocations=9 (full 1):
 PSYoungGen      total 62464K, used 7279K [0x00000000eab00000, 0x00000000ef600000, 0x0000000100000000)
  eden space 52736K, 0% used [0x00000000eab00000,0x00000000eab00000,0x00000000ede80000)
  from space 9728K, 74% used [0x00000000ee880000,0x00000000eef9bee8,0x00000000ef200000)
  to   space 10240K, 0% used [0x00000000ede80000,0x00000000ede80000,0x00000000ee880000)
 ParOldGen       total 61440K, used 8717K [0x00000000c0000000, 0x00000000c3c00000, 0x00000000eab00000)
  object space 61440K, 14% used [0x00000000c0000000,0x00000000c0883598,0x00000000c3c00000)
 Metaspace       used 30498K, capacity 31164K, committed 31280K, reserved 1077248K
  class space    used 4153K, capacity 4342K, committed 4400K, reserved 1048576K
}
Event: 20.174 GC heap before
{Heap before GC invocations=10 (full 1):
 PSYoungGen      total 62464K, used 60015K [0x00000000eab00000, 0x00000000ef600000, 0x0000000100000000)
  eden space 52736K, 100% used [0x00000000eab00000,0x00000000ede80000,0x00000000ede80000)
  from space 9728K, 74% used [0x00000000ee880000,0x00000000eef9bee8,0x00000000ef200000)
  to   space 10240K, 0% used [0x00000000ede80000,0x00000000ede80000,0x00000000ee880000)
 ParOldGen       total 61440K, used 8717K [0x00000000c0000000, 0x00000000c3c00000, 0x00000000eab00000)
  object space 61440K, 14% used [0x00000000c0000000,0x00000000c0883598,0x00000000c3c00000)
 Metaspace       used 33622K, capacity 34298K, committed 34480K, reserved 1079296K
  class space    used 4705K, capacity 4940K, committed 5040K, reserved 1048576K
Event: 20.195 GC heap after
Heap after GC invocations=10 (full 1):
 PSYoungGen      total 62976K, used 10235K [0x00000000eab00000, 0x00000000f0a80000, 0x0000000100000000)
  eden space 52736K, 0% used [0x00000000eab00000,0x00000000eab00000,0x00000000ede80000)
  from space 10240K, 99% used [0x00000000ede80000,0x00000000ee87ee30,0x00000000ee880000)
  to   space 11776K, 0% used [0x00000000eff00000,0x00000000eff00000,0x00000000f0a80000)
 ParOldGen       total 61440K, used 10035K [0x00000000c0000000, 0x00000000c3c00000, 0x00000000eab00000)
  object space 61440K, 16% used [0x00000000c0000000,0x00000000c09ccc70,0x00000000c3c00000)
 Metaspace       used 33622K, capacity 34298K, committed 34480K, reserved 1079296K
  class space    used 4705K, capacity 4940K, committed 5040K, reserved 1048576K
}
Event: 20.922 GC heap before
{Heap before GC invocations=11 (full 1):
 PSYoungGen      total 62976K, used 21089K [0x00000000eab00000, 0x00000000f0a80000, 0x0000000100000000)
  eden space 52736K, 20% used [0x00000000eab00000,0x00000000eb599870,0x00000000ede80000)
  from space 10240K, 99% used [0x00000000ede80000,0x00000000ee87ee30,0x00000000ee880000)
  to   space 11776K, 0% used [0x00000000eff00000,0x00000000eff00000,0x00000000f0a80000)
 ParOldGen       total 61440K, used 10035K [0x00000000c0000000, 0x00000000c3c00000, 0x00000000eab00000)
  object space 61440K, 16% used [0x00000000c0000000,0x00000000c09ccc70,0x00000000c3c00000)
 Metaspace       used 34433K, capacity 35234K, committed 35496K, reserved 1079296K
  class space    used 4794K, capacity 5020K, committed 5040K, reserved 1048576K
Event: 20.939 GC heap after
Heap after GC invocations=11 (full 1):
 PSYoungGen      total 86528K, used 6159K [0x00000000eab00000, 0x00000000f0b00000, 0x0000000100000000)
  eden space 74752K, 0% used [0x00000000eab00000,0x00000000eab00000,0x00000000ef400000)
  from space 11776K, 52% used [0x00000000eff00000,0x00000000f0503f68,0x00000000f0a80000)
  to   space 11264K, 0% used [0x00000000ef400000,0x00000000ef400000,0x00000000eff00000)
 ParOldGen       total 61440K, used 13620K [0x00000000c0000000, 0x00000000c3c00000, 0x00000000eab00000)
  object space 61440K, 22% used [0x00000000c0000000,0x00000000c0d4d290,0x00000000c3c00000)
 Metaspace       used 34433K, capacity 35234K, committed 35496K, reserved 1079296K
  class space    used 4794K, capacity 5020K, committed 5040K, reserved 1048576K
}
Event: 20.939 GC heap before
{Heap before GC invocations=12 (full 2):
 PSYoungGen      total 86528K, used 6159K [0x00000000eab00000, 0x00000000f0b00000, 0x0000000100000000)
  eden space 74752K, 0% used [0x00000000eab00000,0x00000000eab00000,0x00000000ef400000)
  from space 11776K, 52% used [0x00000000eff00000,0x00000000f0503f68,0x00000000f0a80000)
  to   space 11264K, 0% used [0x00000000ef400000,0x00000000ef400000,0x00000000eff00000)
 ParOldGen       total 61440K, used 13620K [0x00000000c0000000, 0x00000000c3c00000, 0x00000000eab00000)
  object space 61440K, 22% used [0x00000000c0000000,0x00000000c0d4d290,0x00000000c3c00000)
 Metaspace       used 34433K, capacity 35234K, committed 35496K, reserved 1079296K
  class space    used 4794K, capacity 5020K, committed 5040K, reserved 1048576K
Event: 21.094 GC heap after
Heap after GC invocations=12 (full 2):
 PSYoungGen      total 86528K, used 0K [0x00000000eab00000, 0x00000000f0b00000, 0x0000000100000000)
  eden space 74752K, 0% used [0x00000000eab00000,0x00000000eab00000,0x00000000ef400000)
  from space 11776K, 0% used [0x00000000eff00000,0x00000000eff00000,0x00000000f0a80000)
  to   space 11264K, 0% used [0x00000000ef400000,0x00000000ef400000,0x00000000eff00000)
 ParOldGen       total 89088K, used 15877K [0x00000000c0000000, 0x00000000c5700000, 0x00000000eab00000)
  object space 89088K, 17% used [0x00000000c0000000,0x00000000c0f816e0,0x00000000c5700000)
 Metaspace       used 34381K, capacity 35102K, committed 35496K, reserved 1079296K
  class space    used 4779K, capacity 4976K, committed 5040K, reserved 1048576K
}

