# JRE version: Java(TM) SE Runtime Environment (8.0_77-b03) (build 1.8.0_77-b03)
# Java VM: Java HotSpot(TM) 64-Bit Server VM (25.77-b03 mixed mode windows-amd64 compressed oops)
Heap:
 PSYoungGen      total 164864K, used 63670K [0x00000000eab00000, 0x00000000fb900000, 0x0000000100000000)
  eden space 151552K, 42% used [0x00000000eab00000,0x00000000ee92da40,0x00000000f3f00000)
  from space 13312K, 0% used [0x00000000f4c00000,0x00000000f4c00000,0x00000000f5900000)
  to   space 13312K, 0% used [0x00000000f3f00000,0x00000000f3f00000,0x00000000f4c00000)
 ParOldGen       total 75264K, used 15189K [0x00000000c0000000, 0x00000000c4980000, 0x00000000eab00000)
  object space 75264K, 20% used [0x00000000c0000000,0x00000000c0ed56c0,0x00000000c4980000)
 Metaspace       used 39962K, capacity 40788K, committed 41216K, reserved 1085440K
  class space    used 5540K, capacity 5812K, committed 5888K, reserved 1048576K
GC Heap History (10 events):
Event: 4.810 GC heap before
{Heap before GC invocations=6 (full 1):
 PSYoungGen      total 71680K, used 5104K [0x00000000eab00000, 0x00000000f4100000, 0x0000000100000000)
  eden space 66560K, 0% used [0x00000000eab00000,0x00000000eab00000,0x00000000eec00000)
  from space 5120K, 99% used [0x00000000eec00000,0x00000000ef0fc060,0x00000000ef100000)
  to   space 10240K, 0% used [0x00000000f3700000,0x00000000f3700000,0x00000000f4100000)
 ParOldGen       total 87552K, used 8028K [0x00000000c0000000, 0x00000000c5580000, 0x00000000eab00000)
  object space 87552K, 9% used [0x00000000c0000000,0x00000000c07d7100,0x00000000c5580000)
 Metaspace       used 20778K, capacity 21154K, committed 21296K, reserved 1067008K
  class space    used 2970K, capacity 3132K, committed 3200K, reserved 1048576K
Event: 4.902 GC heap after
Heap after GC invocations=6 (full 1):
 PSYoungGen      total 71680K, used 0K [0x00000000eab00000, 0x00000000f4100000, 0x0000000100000000)
  eden space 66560K, 0% used [0x00000000eab00000,0x00000000eab00000,0x00000000eec00000)
  from space 5120K, 0% used [0x00000000eec00000,0x00000000eec00000,0x00000000ef100000)
  to   space 10240K, 0% used [0x00000000f3700000,0x00000000f3700000,0x00000000f4100000)
 ParOldGen       total 60416K, used 8002K [0x00000000c0000000, 0x00000000c3b00000, 0x00000000eab00000)
  object space 60416K, 13% used [0x00000000c0000000,0x00000000c07d0bb0,0x00000000c3b00000)
 Metaspace       used 20778K, capacity 21154K, committed 21296K, reserved 1067008K
  class space    used 2970K, capacity 3132K, committed 3200K, reserved 1048576K
}
Event: 6.809 GC heap before
{Heap before GC invocations=7 (full 1):
 PSYoungGen      total 71680K, used 66560K [0x00000000eab00000, 0x00000000f4100000, 0x0000000100000000)
  eden space 66560K, 100% used [0x00000000eab00000,0x00000000eec00000,0x00000000eec00000)
  from space 5120K, 0% used [0x00000000eec00000,0x00000000eec00000,0x00000000ef100000)
  to   space 10240K, 0% used [0x00000000f3700000,0x00000000f3700000,0x00000000f4100000)
 ParOldGen       total 60416K, used 8002K [0x00000000c0000000, 0x00000000c3b00000, 0x00000000eab00000)
  object space 60416K, 13% used [0x00000000c0000000,0x00000000c07d0bb0,0x00000000c3b00000)
 Metaspace       used 26557K, capacity 26994K, committed 27264K, reserved 1073152K
  class space    used 3740K, capacity 3898K, committed 3968K, reserved 1048576K
Event: 6.829 GC heap after
Heap after GC invocations=7 (full 1):
 PSYoungGen      total 108544K, used 6815K [0x00000000eab00000, 0x00000000f3e00000, 0x0000000100000000)
  eden space 101376K, 0% used [0x00000000eab00000,0x00000000eab00000,0x00000000f0e00000)
  from space 7168K, 95% used [0x00000000f3700000,0x00000000f3da7e60,0x00000000f3e00000)
  to   space 9728K, 0% used [0x00000000f2b00000,0x00000000f2b00000,0x00000000f3480000)
 ParOldGen       total 60416K, used 8010K [0x00000000c0000000, 0x00000000c3b00000, 0x00000000eab00000)
  object space 60416K, 13% used [0x00000000c0000000,0x00000000c07d2bb0,0x00000000c3b00000)
 Metaspace       used 26557K, capacity 26994K, committed 27264K, reserved 1073152K
  class space    used 3740K, capacity 3898K, committed 3968K, reserved 1048576K
}
Event: 9.717 GC heap before
{Heap before GC invocations=8 (full 1):
 PSYoungGen      total 108544K, used 108191K [0x00000000eab00000, 0x00000000f3e00000, 0x0000000100000000)
  eden space 101376K, 100% used [0x00000000eab00000,0x00000000f0e00000,0x00000000f0e00000)
  from space 7168K, 95% used [0x00000000f3700000,0x00000000f3da7e60,0x00000000f3e00000)
  to   space 9728K, 0% used [0x00000000f2b00000,0x00000000f2b00000,0x00000000f3480000)
 ParOldGen       total 60416K, used 8010K [0x00000000c0000000, 0x00000000c3b00000, 0x00000000eab00000)
  object space 60416K, 13% used [0x00000000c0000000,0x00000000c07d2bb0,0x00000000c3b00000)
 Metaspace       used 34532K, capacity 35328K, committed 35496K, reserved 1079296K
  class space    used 4847K, capacity 5057K, committed 5120K, reserved 1048576K
Event: 9.752 GC heap after
Heap after GC invocations=8 (full 1):
 PSYoungGen      total 140800K, used 9716K [0x00000000eab00000, 0x00000000f5900000, 0x0000000100000000)
  eden space 131072K, 0% used [0x00000000eab00000,0x00000000eab00000,0x00000000f2b00000)
  from space 9728K, 99% used [0x00000000f2b00000,0x00000000f347d088,0x00000000f3480000)
  to   space 13312K, 0% used [0x00000000f4c00000,0x00000000f4c00000,0x00000000f5900000)
 ParOldGen       total 60416K, used 13318K [0x00000000c0000000, 0x00000000c3b00000, 0x00000000eab00000)
  object space 60416K, 22% used [0x00000000c0000000,0x00000000c0d01818,0x00000000c3b00000)
 Metaspace       used 34532K, capacity 35328K, committed 35496K, reserved 1079296K
  class space    used 4847K, capacity 5057K, committed 5120K, reserved 1048576K
}
Event: 9.764 GC heap before
{Heap before GC invocations=9 (full 1):
 PSYoungGen      total 140800K, used 11977K [0x00000000eab00000, 0x00000000f5900000, 0x0000000100000000)
  eden space 131072K, 1% used [0x00000000eab00000,0x00000000ead356c0,0x00000000f2b00000)
  from space 9728K, 99% used [0x00000000f2b00000,0x00000000f347d088,0x00000000f3480000)
  to   space 13312K, 0% used [0x00000000f4c00000,0x00000000f4c00000,0x00000000f5900000)
 ParOldGen       total 60416K, used 13318K [0x00000000c0000000, 0x00000000c3b00000, 0x00000000eab00000)
  object space 60416K, 22% used [0x00000000c0000000,0x00000000c0d01818,0x00000000c3b00000)
 Metaspace       used 34564K, capacity 35328K, committed 35496K, reserved 1079296K
  class space    used 4850K, capacity 5057K, committed 5120K, reserved 1048576K
Event: 9.787 GC heap after
Heap after GC invocations=9 (full 1):
 PSYoungGen      total 164864K, used 8808K [0x00000000eab00000, 0x00000000fb900000, 0x0000000100000000)
  eden space 151552K, 0% used [0x00000000eab00000,0x00000000eab00000,0x00000000f3f00000)
  from space 13312K, 66% used [0x00000000f4c00000,0x00000000f549a258,0x00000000f5900000)
  to   space 13312K, 0% used [0x00000000f3f00000,0x00000000f3f00000,0x00000000f4c00000)
 ParOldGen       total 60416K, used 13318K [0x00000000c0000000, 0x00000000c3b00000, 0x00000000eab00000)
  object space 60416K, 22% used [0x00000000c0000000,0x00000000c0d01818,0x00000000c3b00000)
 Metaspace       used 34564K, capacity 35328K, committed 35496K, reserved 1079296K
  class space    used 4850K, capacity 5057K, committed 5120K, reserved 1048576K
}
Event: 9.787 GC heap before
{Heap before GC invocations=10 (full 2):
 PSYoungGen      total 164864K, used 8808K [0x00000000eab00000, 0x00000000fb900000, 0x0000000100000000)
  eden space 151552K, 0% used [0x00000000eab00000,0x00000000eab00000,0x00000000f3f00000)
  from space 13312K, 66% used [0x00000000f4c00000,0x00000000f549a258,0x00000000f5900000)
  to   space 13312K, 0% used [0x00000000f3f00000,0x00000000f3f00000,0x00000000f4c00000)
 ParOldGen       total 60416K, used 13318K [0x00000000c0000000, 0x00000000c3b00000, 0x00000000eab00000)
  object space 60416K, 22% used [0x00000000c0000000,0x00000000c0d01818,0x00000000c3b00000)
 Metaspace       used 34564K, capacity 35328K, committed 35496K, reserved 1079296K
  class space    used 4850K, capacity 5057K, committed 5120K, reserved 1048576K
Event: 9.948 GC heap after
Heap after GC invocations=10 (full 2):
 PSYoungGen      total 164864K, used 0K [0x00000000eab00000, 0x00000000fb900000, 0x0000000100000000)
  eden space 151552K, 0% used [0x00000000eab00000,0x00000000eab00000,0x00000000f3f00000)
  from space 13312K, 0% used [0x00000000f4c00000,0x00000000f4c00000,0x00000000f5900000)
  to   space 13312K, 0% used [0x00000000f3f00000,0x00000000f3f00000,0x00000000f4c00000)
 ParOldGen       total 75264K, used 15189K [0x00000000c0000000, 0x00000000c4980000, 0x00000000eab00000)
  object space 75264K, 20% used [0x00000000c0000000,0x00000000c0ed56c0,0x00000000c4980000)
 Metaspace       used 34541K, capacity 35240K, committed 35496K, reserved 1079296K
  class space    used 4843K, capacity 5049K, committed 5120K, reserved 1048576K
}

