# JRE version: Java(TM) SE Runtime Environment (8.0_77-b03) (build 1.8.0_77-b03)
# Java VM: Java HotSpot(TM) 64-Bit Server VM (25.77-b03 mixed mode windows-amd64 compressed oops)
Heap:
 PSYoungGen      total 91136K, used 34309K [0x00000000eab00000, 0x00000000f3380000, 0x0000000100000000)
  eden space 79360K, 43% used [0x00000000eab00000,0x00000000ecc81520,0x00000000ef880000)
  from space 11776K, 0% used [0x00000000ef880000,0x00000000ef880000,0x00000000f0400000)
  to   space 11264K, 0% used [0x00000000f2880000,0x00000000f2880000,0x00000000f3380000)
 ParOldGen       total 76800K, used 13463K [0x00000000c0000000, 0x00000000c4b00000, 0x00000000eab00000)
  object space 76800K, 17% used [0x00000000c0000000,0x00000000c0d25fa8,0x00000000c4b00000)
 Metaspace       used 36582K, capacity 37206K, committed 37376K, reserved 1081344K
  class space    used 5121K, capacity 5324K, committed 5376K, reserved 1048576K
GC Heap History (10 events):
Event: 10.651 GC heap before
{Heap before GC invocations=7 (full 1):
 PSYoungGen      total 38400K, used 33280K [0x00000000eab00000, 0x00000000eff00000, 0x0000000100000000)
  eden space 33280K, 100% used [0x00000000eab00000,0x00000000ecb80000,0x00000000ecb80000)
  from space 5120K, 0% used [0x00000000ecb80000,0x00000000ecb80000,0x00000000ed080000)
  to   space 9728K, 0% used [0x00000000ef580000,0x00000000ef580000,0x00000000eff00000)
 ParOldGen       total 57344K, used 7721K [0x00000000c0000000, 0x00000000c3800000, 0x00000000eab00000)
  object space 57344K, 13% used [0x00000000c0000000,0x00000000c078a4c0,0x00000000c3800000)
 Metaspace       used 24194K, capacity 24622K, committed 24832K, reserved 1071104K
  class space    used 3401K, capacity 3556K, committed 3584K, reserved 1048576K
Event: 10.659 GC heap after
Heap after GC invocations=7 (full 1):
 PSYoungGen      total 57344K, used 4162K [0x00000000eab00000, 0x00000000efa00000, 0x0000000100000000)
  eden space 52736K, 0% used [0x00000000eab00000,0x00000000eab00000,0x00000000ede80000)
  from space 4608K, 90% used [0x00000000ef580000,0x00000000ef990af8,0x00000000efa00000)
  to   space 9728K, 0% used [0x00000000ee700000,0x00000000ee700000,0x00000000ef080000)
 ParOldGen       total 57344K, used 7729K [0x00000000c0000000, 0x00000000c3800000, 0x00000000eab00000)
  object space 57344K, 13% used [0x00000000c0000000,0x00000000c078c4c0,0x00000000c3800000)
 Metaspace       used 24194K, capacity 24622K, committed 24832K, reserved 1071104K
  class space    used 3401K, capacity 3556K, committed 3584K, reserved 1048576K
}
Event: 15.072 GC heap before
{Heap before GC invocations=8 (full 1):
 PSYoungGen      total 57344K, used 56898K [0x00000000eab00000, 0x00000000efa00000, 0x0000000100000000)
  eden space 52736K, 100% used [0x00000000eab00000,0x00000000ede80000,0x00000000ede80000)
  from space 4608K, 90% used [0x00000000ef580000,0x00000000ef990af8,0x00000000efa00000)
  to   space 9728K, 0% used [0x00000000ee700000,0x00000000ee700000,0x00000000ef080000)
 ParOldGen       total 57344K, used 7729K [0x00000000c0000000, 0x00000000c3800000, 0x00000000eab00000)
  object space 57344K, 13% used [0x00000000c0000000,0x00000000c078c4c0,0x00000000c3800000)
 Metaspace       used 27919K, capacity 28382K, committed 28544K, reserved 1073152K
  class space    used 3991K, capacity 4146K, committed 4224K, reserved 1048576K
Event: 15.088 GC heap after
Heap after GC invocations=8 (full 1):
 PSYoungGen      total 71168K, used 6747K [0x00000000eab00000, 0x00000000f0d80000, 0x0000000100000000)
  eden space 61440K, 0% used [0x00000000eab00000,0x00000000eab00000,0x00000000ee700000)
  from space 9728K, 69% used [0x00000000ee700000,0x00000000eed96dc8,0x00000000ef080000)
  to   space 9728K, 0% used [0x00000000f0400000,0x00000000f0400000,0x00000000f0d80000)
 ParOldGen       total 57344K, used 7737K [0x00000000c0000000, 0x00000000c3800000, 0x00000000eab00000)
  object space 57344K, 13% used [0x00000000c0000000,0x00000000c078e4c0,0x00000000c3800000)
 Metaspace       used 27919K, capacity 28382K, committed 28544K, reserved 1073152K
  class space    used 3991K, capacity 4146K, committed 4224K, reserved 1048576K
}
Event: 23.291 GC heap before
{Heap before GC invocations=9 (full 1):
 PSYoungGen      total 71168K, used 68187K [0x00000000eab00000, 0x00000000f0d80000, 0x0000000100000000)
  eden space 61440K, 100% used [0x00000000eab00000,0x00000000ee700000,0x00000000ee700000)
  from space 9728K, 69% used [0x00000000ee700000,0x00000000eed96dc8,0x00000000ef080000)
  to   space 9728K, 0% used [0x00000000f0400000,0x00000000f0400000,0x00000000f0d80000)
 ParOldGen       total 57344K, used 7737K [0x00000000c0000000, 0x00000000c3800000, 0x00000000eab00000)
  object space 57344K, 13% used [0x00000000c0000000,0x00000000c078e4c0,0x00000000c3800000)
 Metaspace       used 34442K, capacity 34960K, committed 35328K, reserved 1079296K
  class space    used 4841K, capacity 5025K, committed 5120K, reserved 1048576K
Event: 23.327 GC heap after
Heap after GC invocations=9 (full 1):
 PSYoungGen      total 89088K, used 9724K [0x00000000eab00000, 0x00000000f1c00000, 0x0000000100000000)
  eden space 79360K, 0% used [0x00000000eab00000,0x00000000eab00000,0x00000000ef880000)
  from space 9728K, 99% used [0x00000000f0400000,0x00000000f0d7f230,0x00000000f0d80000)
  to   space 11776K, 0% used [0x00000000ef880000,0x00000000ef880000,0x00000000f0400000)
 ParOldGen       total 57344K, used 9211K [0x00000000c0000000, 0x00000000c3800000, 0x00000000eab00000)
  object space 57344K, 16% used [0x00000000c0000000,0x00000000c08fef48,0x00000000c3800000)
 Metaspace       used 34442K, capacity 34960K, committed 35328K, reserved 1079296K
  class space    used 4841K, capacity 5025K, committed 5120K, reserved 1048576K
}
Event: 23.514 GC heap before
{Heap before GC invocations=10 (full 1):
 PSYoungGen      total 89088K, used 12608K [0x00000000eab00000, 0x00000000f1c00000, 0x0000000100000000)
  eden space 79360K, 3% used [0x00000000eab00000,0x00000000eadd0f20,0x00000000ef880000)
  from space 9728K, 99% used [0x00000000f0400000,0x00000000f0d7f230,0x00000000f0d80000)
  to   space 11776K, 0% used [0x00000000ef880000,0x00000000ef880000,0x00000000f0400000)
 ParOldGen       total 57344K, used 9211K [0x00000000c0000000, 0x00000000c3800000, 0x00000000eab00000)
  object space 57344K, 16% used [0x00000000c0000000,0x00000000c08fef48,0x00000000c3800000)
 Metaspace       used 34879K, capacity 35404K, committed 35496K, reserved 1079296K
  class space    used 4883K, capacity 5063K, committed 5120K, reserved 1048576K
Event: 23.536 GC heap after
Heap after GC invocations=10 (full 1):
 PSYoungGen      total 91136K, used 5268K [0x00000000eab00000, 0x00000000f3380000, 0x0000000100000000)
  eden space 79360K, 0% used [0x00000000eab00000,0x00000000eab00000,0x00000000ef880000)
  from space 11776K, 44% used [0x00000000ef880000,0x00000000efda5280,0x00000000f0400000)
  to   space 11264K, 0% used [0x00000000f2880000,0x00000000f2880000,0x00000000f3380000)
 ParOldGen       total 57344K, used 10987K [0x00000000c0000000, 0x00000000c3800000, 0x00000000eab00000)
  object space 57344K, 19% used [0x00000000c0000000,0x00000000c0abafb8,0x00000000c3800000)
 Metaspace       used 34879K, capacity 35404K, committed 35496K, reserved 1079296K
  class space    used 4883K, capacity 5063K, committed 5120K, reserved 1048576K
}
Event: 23.536 GC heap before
{Heap before GC invocations=11 (full 2):
 PSYoungGen      total 91136K, used 5268K [0x00000000eab00000, 0x00000000f3380000, 0x0000000100000000)
  eden space 79360K, 0% used [0x00000000eab00000,0x00000000eab00000,0x00000000ef880000)
  from space 11776K, 44% used [0x00000000ef880000,0x00000000efda5280,0x00000000f0400000)
  to   space 11264K, 0% used [0x00000000f2880000,0x00000000f2880000,0x00000000f3380000)
 ParOldGen       total 57344K, used 10987K [0x00000000c0000000, 0x00000000c3800000, 0x00000000eab00000)
  object space 57344K, 19% used [0x00000000c0000000,0x00000000c0abafb8,0x00000000c3800000)
 Metaspace       used 34879K, capacity 35404K, committed 35496K, reserved 1079296K
  class space    used 4883K, capacity 5063K, committed 5120K, reserved 1048576K
Event: 23.825 GC heap after
Heap after GC invocations=11 (full 2):
 PSYoungGen      total 91136K, used 0K [0x00000000eab00000, 0x00000000f3380000, 0x0000000100000000)
  eden space 79360K, 0% used [0x00000000eab00000,0x00000000eab00000,0x00000000ef880000)
  from space 11776K, 0% used [0x00000000ef880000,0x00000000ef880000,0x00000000f0400000)
  to   space 11264K, 0% used [0x00000000f2880000,0x00000000f2880000,0x00000000f3380000)
 ParOldGen       total 76800K, used 13463K [0x00000000c0000000, 0x00000000c4b00000, 0x00000000eab00000)
  object space 76800K, 17% used [0x00000000c0000000,0x00000000c0d25fa8,0x00000000c4b00000)
 Metaspace       used 34879K, capacity 35404K, committed 35496K, reserved 1079296K
  class space    used 4883K, capacity 5063K, committed 5120K, reserved 1048576K
}

