# JRE version: Java(TM) SE Runtime Environment (8.0_77-b03) (build 1.8.0_77-b03)
# Java VM: Java HotSpot(TM) 64-Bit Server VM (25.77-b03 mixed mode windows-amd64 compressed oops)
Heap:
 PSYoungGen      total 100864K, used 63386K [0x00000000eab00000, 0x00000000f3b00000, 0x0000000100000000)
  eden space 88576K, 71% used [0x00000000eab00000,0x00000000ee8e6928,0x00000000f0180000)
  from space 12288K, 0% used [0x00000000f0180000,0x00000000f0180000,0x00000000f0d80000)
  to   space 12288K, 0% used [0x00000000f2f00000,0x00000000f2f00000,0x00000000f3b00000)
 ParOldGen       total 89088K, used 16322K [0x00000000c0000000, 0x00000000c5700000, 0x00000000eab00000)
  object space 89088K, 18% used [0x00000000c0000000,0x00000000c0ff0bc8,0x00000000c5700000)
 Metaspace       used 40519K, capacity 41340K, committed 41472K, reserved 1085440K
  class space    used 5562K, capacity 5844K, committed 5888K, reserved 1048576K
GC Heap History (10 events):
Event: 13.236 GC heap before
{Heap before GC invocations=7 (full 1):
 PSYoungGen      total 38400K, used 33280K [0x00000000eab00000, 0x00000000f0100000, 0x0000000100000000)
  eden space 33280K, 100% used [0x00000000eab00000,0x00000000ecb80000,0x00000000ecb80000)
  from space 5120K, 0% used [0x00000000ecb80000,0x00000000ecb80000,0x00000000ed080000)
  to   space 10752K, 0% used [0x00000000ef680000,0x00000000ef680000,0x00000000f0100000)
 ParOldGen       total 57344K, used 8614K [0x00000000c0000000, 0x00000000c3800000, 0x00000000eab00000)
  object space 57344K, 15% used [0x00000000c0000000,0x00000000c0869aa0,0x00000000c3800000)
 Metaspace       used 25813K, capacity 26202K, committed 26496K, reserved 1073152K
  class space    used 3506K, capacity 3658K, committed 3712K, reserved 1048576K
Event: 13.243 GC heap after
Heap after GC invocations=7 (full 1):
 PSYoungGen      total 59904K, used 4976K [0x00000000eab00000, 0x00000000efb80000, 0x0000000100000000)
  eden space 54784K, 0% used [0x00000000eab00000,0x00000000eab00000,0x00000000ee080000)
  from space 5120K, 97% used [0x00000000ef680000,0x00000000efb5c000,0x00000000efb80000)
  to   space 10240K, 0% used [0x00000000ee780000,0x00000000ee780000,0x00000000ef180000)
 ParOldGen       total 57344K, used 8622K [0x00000000c0000000, 0x00000000c3800000, 0x00000000eab00000)
  object space 57344K, 15% used [0x00000000c0000000,0x00000000c086baa0,0x00000000c3800000)
 Metaspace       used 25813K, capacity 26202K, committed 26496K, reserved 1073152K
  class space    used 3506K, capacity 3658K, committed 3712K, reserved 1048576K
}
Event: 14.785 GC heap before
{Heap before GC invocations=8 (full 1):
 PSYoungGen      total 59904K, used 59760K [0x00000000eab00000, 0x00000000efb80000, 0x0000000100000000)
  eden space 54784K, 100% used [0x00000000eab00000,0x00000000ee080000,0x00000000ee080000)
  from space 5120K, 97% used [0x00000000ef680000,0x00000000efb5c000,0x00000000efb80000)
  to   space 10240K, 0% used [0x00000000ee780000,0x00000000ee780000,0x00000000ef180000)
 ParOldGen       total 57344K, used 8622K [0x00000000c0000000, 0x00000000c3800000, 0x00000000eab00000)
  object space 57344K, 15% used [0x00000000c0000000,0x00000000c086baa0,0x00000000c3800000)
 Metaspace       used 29927K, capacity 30558K, committed 30720K, reserved 1075200K
  class space    used 4086K, capacity 4270K, committed 4352K, reserved 1048576K
Event: 14.802 GC heap after
Heap after GC invocations=8 (full 1):
 PSYoungGen      total 72192K, used 7988K [0x00000000eab00000, 0x00000000f1800000, 0x0000000100000000)
  eden space 61952K, 0% used [0x00000000eab00000,0x00000000eab00000,0x00000000ee780000)
  from space 10240K, 78% used [0x00000000ee780000,0x00000000eef4d290,0x00000000ef180000)
  to   space 10752K, 0% used [0x00000000f0d80000,0x00000000f0d80000,0x00000000f1800000)
 ParOldGen       total 57344K, used 8630K [0x00000000c0000000, 0x00000000c3800000, 0x00000000eab00000)
  object space 57344K, 15% used [0x00000000c0000000,0x00000000c086daa0,0x00000000c3800000)
 Metaspace       used 29927K, capacity 30558K, committed 30720K, reserved 1075200K
  class space    used 4086K, capacity 4270K, committed 4352K, reserved 1048576K
}
Event: 17.459 GC heap before
{Heap before GC invocations=9 (full 1):
 PSYoungGen      total 72192K, used 69940K [0x00000000eab00000, 0x00000000f1800000, 0x0000000100000000)
  eden space 61952K, 100% used [0x00000000eab00000,0x00000000ee780000,0x00000000ee780000)
  from space 10240K, 78% used [0x00000000ee780000,0x00000000eef4d290,0x00000000ef180000)
  to   space 10752K, 0% used [0x00000000f0d80000,0x00000000f0d80000,0x00000000f1800000)
 ParOldGen       total 57344K, used 8630K [0x00000000c0000000, 0x00000000c3800000, 0x00000000eab00000)
  object space 57344K, 15% used [0x00000000c0000000,0x00000000c086daa0,0x00000000c3800000)
 Metaspace       used 33394K, capacity 34074K, committed 34176K, reserved 1079296K
  class space    used 4682K, capacity 4908K, committed 4992K, reserved 1048576K
Event: 17.481 GC heap after
Heap after GC invocations=9 (full 1):
 PSYoungGen      total 99328K, used 10741K [0x00000000eab00000, 0x00000000f2600000, 0x0000000100000000)
  eden space 88576K, 0% used [0x00000000eab00000,0x00000000eab00000,0x00000000f0180000)
  from space 10752K, 99% used [0x00000000f0d80000,0x00000000f17fd790,0x00000000f1800000)
  to   space 12288K, 0% used [0x00000000f0180000,0x00000000f0180000,0x00000000f0d80000)
 ParOldGen       total 57344K, used 9772K [0x00000000c0000000, 0x00000000c3800000, 0x00000000eab00000)
  object space 57344K, 17% used [0x00000000c0000000,0x00000000c098b118,0x00000000c3800000)
 Metaspace       used 33394K, capacity 34074K, committed 34176K, reserved 1079296K
  class space    used 4682K, capacity 4908K, committed 4992K, reserved 1048576K
}
Event: 18.937 GC heap before
{Heap before GC invocations=10 (full 1):
 PSYoungGen      total 99328K, used 29834K [0x00000000eab00000, 0x00000000f2600000, 0x0000000100000000)
  eden space 88576K, 21% used [0x00000000eab00000,0x00000000ebda5380,0x00000000f0180000)
  from space 10752K, 99% used [0x00000000f0d80000,0x00000000f17fd790,0x00000000f1800000)
  to   space 12288K, 0% used [0x00000000f0180000,0x00000000f0180000,0x00000000f0d80000)
 ParOldGen       total 57344K, used 9772K [0x00000000c0000000, 0x00000000c3800000, 0x00000000eab00000)
  object space 57344K, 17% used [0x00000000c0000000,0x00000000c098b118,0x00000000c3800000)
 Metaspace       used 34608K, capacity 35450K, committed 35496K, reserved 1079296K
  class space    used 4812K, capacity 5092K, committed 5120K, reserved 1048576K
Event: 18.954 GC heap after
Heap after GC invocations=10 (full 1):
 PSYoungGen      total 100864K, used 7517K [0x00000000eab00000, 0x00000000f3b00000, 0x0000000100000000)
  eden space 88576K, 0% used [0x00000000eab00000,0x00000000eab00000,0x00000000f0180000)
  from space 12288K, 61% used [0x00000000f0180000,0x00000000f08d7708,0x00000000f0d80000)
  to   space 12288K, 0% used [0x00000000f2f00000,0x00000000f2f00000,0x00000000f3b00000)
 ParOldGen       total 57344K, used 12472K [0x00000000c0000000, 0x00000000c3800000, 0x00000000eab00000)
  object space 57344K, 21% used [0x00000000c0000000,0x00000000c0c2e148,0x00000000c3800000)
 Metaspace       used 34608K, capacity 35450K, committed 35496K, reserved 1079296K
  class space    used 4812K, capacity 5092K, committed 5120K, reserved 1048576K
}
Event: 18.954 GC heap before
{Heap before GC invocations=11 (full 2):
 PSYoungGen      total 100864K, used 7517K [0x00000000eab00000, 0x00000000f3b00000, 0x0000000100000000)
  eden space 88576K, 0% used [0x00000000eab00000,0x00000000eab00000,0x00000000f0180000)
  from space 12288K, 61% used [0x00000000f0180000,0x00000000f08d7708,0x00000000f0d80000)
  to   space 12288K, 0% used [0x00000000f2f00000,0x00000000f2f00000,0x00000000f3b00000)
 ParOldGen       total 57344K, used 12472K [0x00000000c0000000, 0x00000000c3800000, 0x00000000eab00000)
  object space 57344K, 21% used [0x00000000c0000000,0x00000000c0c2e148,0x00000000c3800000)
 Metaspace       used 34608K, capacity 35450K, committed 35496K, reserved 1079296K
  class space    used 4812K, capacity 5092K, committed 5120K, reserved 1048576K
Event: 19.093 GC heap after
Heap after GC invocations=11 (full 2):
 PSYoungGen      total 100864K, used 0K [0x00000000eab00000, 0x00000000f3b00000, 0x0000000100000000)
  eden space 88576K, 0% used [0x00000000eab00000,0x00000000eab00000,0x00000000f0180000)
  from space 12288K, 0% used [0x00000000f0180000,0x00000000f0180000,0x00000000f0d80000)
  to   space 12288K, 0% used [0x00000000f2f00000,0x00000000f2f00000,0x00000000f3b00000)
 ParOldGen       total 89088K, used 16322K [0x00000000c0000000, 0x00000000c5700000, 0x00000000eab00000)
  object space 89088K, 18% used [0x00000000c0000000,0x00000000c0ff0bc8,0x00000000c5700000)
 Metaspace       used 34533K, capacity 35230K, committed 35496K, reserved 1079296K
  class space    used 4791K, capacity 5040K, committed 5120K, reserved 1048576K
}

