# JRE version: Java(TM) SE Runtime Environment (8.0_77-b03) (build 1.8.0_77-b03)
# Java VM: Java HotSpot(TM) 64-Bit Server VM (25.77-b03 mixed mode windows-amd64 compressed oops)
Heap:
 PSYoungGen      total 140800K, used 54502K [0x00000000eab00000, 0x00000000f5f80000, 0x0000000100000000)
  eden space 131072K, 41% used [0x00000000eab00000,0x00000000ee039a28,0x00000000f2b00000)
  from space 9728K, 0% used [0x00000000f2b00000,0x00000000f2b00000,0x00000000f3480000)
  to   space 13824K, 0% used [0x00000000f5200000,0x00000000f5200000,0x00000000f5f80000)
 ParOldGen       total 103936K, used 21211K [0x00000000c0000000, 0x00000000c6580000, 0x00000000eab00000)
  object space 103936K, 20% used [0x00000000c0000000,0x00000000c14b6d68,0x00000000c6580000)
 Metaspace       used 39243K, capacity 40056K, committed 40192K, reserved 1083392K
  class space    used 5363K, capacity 5631K, committed 5632K, reserved 1048576K
GC Heap History (10 events):
Event: 6.968 GC heap before
{Heap before GC invocations=5 (full 0):
 PSYoungGen      total 71680K, used 20673K [0x00000000eab00000, 0x00000000ef600000, 0x0000000100000000)
  eden space 66560K, 23% used [0x00000000eab00000,0x00000000eba34480,0x00000000eec00000)
  from space 5120K, 99% used [0x00000000ef100000,0x00000000ef5fc030,0x00000000ef600000)
  to   space 5120K, 0% used [0x00000000eec00000,0x00000000eec00000,0x00000000ef100000)
 ParOldGen       total 87552K, used 5432K [0x00000000c0000000, 0x00000000c5580000, 0x00000000eab00000)
  object space 87552K, 6% used [0x00000000c0000000,0x00000000c054e398,0x00000000c5580000)
 Metaspace       used 20783K, capacity 21158K, committed 21296K, reserved 1067008K
  class space    used 2973K, capacity 3132K, committed 3200K, reserved 1048576K
Event: 6.982 GC heap after
Heap after GC invocations=5 (full 0):
 PSYoungGen      total 71680K, used 5088K [0x00000000eab00000, 0x00000000f4100000, 0x0000000100000000)
  eden space 66560K, 0% used [0x00000000eab00000,0x00000000eab00000,0x00000000eec00000)
  from space 5120K, 99% used [0x00000000eec00000,0x00000000ef0f8050,0x00000000ef100000)
  to   space 10240K, 0% used [0x00000000f3700000,0x00000000f3700000,0x00000000f4100000)
 ParOldGen       total 87552K, used 8057K [0x00000000c0000000, 0x00000000c5580000, 0x00000000eab00000)
  object space 87552K, 9% used [0x00000000c0000000,0x00000000c07de698,0x00000000c5580000)
 Metaspace       used 20783K, capacity 21158K, committed 21296K, reserved 1067008K
  class space    used 2973K, capacity 3132K, committed 3200K, reserved 1048576K
}
Event: 6.982 GC heap before
{Heap before GC invocations=6 (full 1):
 PSYoungGen      total 71680K, used 5088K [0x00000000eab00000, 0x00000000f4100000, 0x0000000100000000)
  eden space 66560K, 0% used [0x00000000eab00000,0x00000000eab00000,0x00000000eec00000)
  from space 5120K, 99% used [0x00000000eec00000,0x00000000ef0f8050,0x00000000ef100000)
  to   space 10240K, 0% used [0x00000000f3700000,0x00000000f3700000,0x00000000f4100000)
 ParOldGen       total 87552K, used 8057K [0x00000000c0000000, 0x00000000c5580000, 0x00000000eab00000)
  object space 87552K, 9% used [0x00000000c0000000,0x00000000c07de698,0x00000000c5580000)
 Metaspace       used 20783K, capacity 21158K, committed 21296K, reserved 1067008K
  class space    used 2973K, capacity 3132K, committed 3200K, reserved 1048576K
Event: 7.046 GC heap after
Heap after GC invocations=6 (full 1):
 PSYoungGen      total 71680K, used 0K [0x00000000eab00000, 0x00000000f4100000, 0x0000000100000000)
  eden space 66560K, 0% used [0x00000000eab00000,0x00000000eab00000,0x00000000eec00000)
  from space 5120K, 0% used [0x00000000eec00000,0x00000000eec00000,0x00000000ef100000)
  to   space 10240K, 0% used [0x00000000f3700000,0x00000000f3700000,0x00000000f4100000)
 ParOldGen       total 59904K, used 8008K [0x00000000c0000000, 0x00000000c3a80000, 0x00000000eab00000)
  object space 59904K, 13% used [0x00000000c0000000,0x00000000c07d2020,0x00000000c3a80000)
 Metaspace       used 20783K, capacity 21158K, committed 21296K, reserved 1067008K
  class space    used 2973K, capacity 3132K, committed 3200K, reserved 1048576K
}
Event: 9.879 GC heap before
{Heap before GC invocations=7 (full 1):
 PSYoungGen      total 71680K, used 66560K [0x00000000eab00000, 0x00000000f4100000, 0x0000000100000000)
  eden space 66560K, 100% used [0x00000000eab00000,0x00000000eec00000,0x00000000eec00000)
  from space 5120K, 0% used [0x00000000eec00000,0x00000000eec00000,0x00000000ef100000)
  to   space 10240K, 0% used [0x00000000f3700000,0x00000000f3700000,0x00000000f4100000)
 ParOldGen       total 59904K, used 8008K [0x00000000c0000000, 0x00000000c3a80000, 0x00000000eab00000)
  object space 59904K, 13% used [0x00000000c0000000,0x00000000c07d2020,0x00000000c3a80000)
 Metaspace       used 26086K, capacity 26550K, committed 26752K, reserved 1073152K
  class space    used 3736K, capacity 3898K, committed 3968K, reserved 1048576K
Event: 9.899 GC heap after
Heap after GC invocations=7 (full 1):
 PSYoungGen      total 110592K, used 7019K [0x00000000eab00000, 0x00000000f3e00000, 0x0000000100000000)
  eden space 103424K, 0% used [0x00000000eab00000,0x00000000eab00000,0x00000000f1000000)
  from space 7168K, 97% used [0x00000000f3700000,0x00000000f3ddad70,0x00000000f3e00000)
  to   space 9728K, 0% used [0x00000000f2b00000,0x00000000f2b00000,0x00000000f3480000)
 ParOldGen       total 59904K, used 8016K [0x00000000c0000000, 0x00000000c3a80000, 0x00000000eab00000)
  object space 59904K, 13% used [0x00000000c0000000,0x00000000c07d4020,0x00000000c3a80000)
 Metaspace       used 26086K, capacity 26550K, committed 26752K, reserved 1073152K
  class space    used 3736K, capacity 3898K, committed 3968K, reserved 1048576K
}
Event: 13.893 GC heap before
{Heap before GC invocations=8 (full 1):
 PSYoungGen      total 110592K, used 102923K [0x00000000eab00000, 0x00000000f3e00000, 0x0000000100000000)
  eden space 103424K, 92% used [0x00000000eab00000,0x00000000f08a8218,0x00000000f1000000)
  from space 7168K, 97% used [0x00000000f3700000,0x00000000f3ddad70,0x00000000f3e00000)
  to   space 9728K, 0% used [0x00000000f2b00000,0x00000000f2b00000,0x00000000f3480000)
 ParOldGen       total 59904K, used 8016K [0x00000000c0000000, 0x00000000c3a80000, 0x00000000eab00000)
  object space 59904K, 13% used [0x00000000c0000000,0x00000000c07d4020,0x00000000c3a80000)
 Metaspace       used 34652K, capacity 35330K, committed 35496K, reserved 1079296K
  class space    used 4899K, capacity 5108K, committed 5120K, reserved 1048576K
Event: 13.919 GC heap after
Heap after GC invocations=8 (full 1):
 PSYoungGen      total 140800K, used 9704K [0x00000000eab00000, 0x00000000f5f80000, 0x0000000100000000)
  eden space 131072K, 0% used [0x00000000eab00000,0x00000000eab00000,0x00000000f2b00000)
  from space 9728K, 99% used [0x00000000f2b00000,0x00000000f347a0d0,0x00000000f3480000)
  to   space 13824K, 0% used [0x00000000f5200000,0x00000000f5200000,0x00000000f5f80000)
 ParOldGen       total 59904K, used 13425K [0x00000000c0000000, 0x00000000c3a80000, 0x00000000eab00000)
  object space 59904K, 22% used [0x00000000c0000000,0x00000000c0d1c450,0x00000000c3a80000)
 Metaspace       used 34652K, capacity 35330K, committed 35496K, reserved 1079296K
  class space    used 4899K, capacity 5108K, committed 5120K, reserved 1048576K
}
Event: 13.919 GC heap before
{Heap before GC invocations=9 (full 2):
 PSYoungGen      total 140800K, used 9704K [0x00000000eab00000, 0x00000000f5f80000, 0x0000000100000000)
  eden space 131072K, 0% used [0x00000000eab00000,0x00000000eab00000,0x00000000f2b00000)
  from space 9728K, 99% used [0x00000000f2b00000,0x00000000f347a0d0,0x00000000f3480000)
  to   space 13824K, 0% used [0x00000000f5200000,0x00000000f5200000,0x00000000f5f80000)
 ParOldGen       total 59904K, used 13425K [0x00000000c0000000, 0x00000000c3a80000, 0x00000000eab00000)
  object space 59904K, 22% used [0x00000000c0000000,0x00000000c0d1c450,0x00000000c3a80000)
 Metaspace       used 34652K, capacity 35330K, committed 35496K, reserved 1079296K
  class space    used 4899K, capacity 5108K, committed 5120K, reserved 1048576K
Event: 14.066 GC heap after
Heap after GC invocations=9 (full 2):
 PSYoungGen      total 140800K, used 0K [0x00000000eab00000, 0x00000000f5f80000, 0x0000000100000000)
  eden space 131072K, 0% used [0x00000000eab00000,0x00000000eab00000,0x00000000f2b00000)
  from space 9728K, 0% used [0x00000000f2b00000,0x00000000f2b00000,0x00000000f3480000)
  to   space 13824K, 0% used [0x00000000f5200000,0x00000000f5200000,0x00000000f5f80000)
 ParOldGen       total 103936K, used 21211K [0x00000000c0000000, 0x00000000c6580000, 0x00000000eab00000)
  object space 103936K, 20% used [0x00000000c0000000,0x00000000c14b6d68,0x00000000c6580000)
 Metaspace       used 34637K, capacity 35312K, committed 35496K, reserved 1079296K
  class space    used 4894K, capacity 5102K, committed 5120K, reserved 1048576K
}

