# JRE version: Java(TM) SE Runtime Environment (8.0_77-b03) (build 1.8.0_77-b03)
# Java VM: Java HotSpot(TM) 64-Bit Server VM (25.77-b03 mixed mode windows-amd64 compressed oops)
Heap:
 PSYoungGen      total 103936K, used 56624K [0x00000000eab00000, 0x00000000f4700000, 0x0000000100000000)
  eden space 91648K, 61% used [0x00000000eab00000,0x00000000ee24c168,0x00000000f0480000)
  from space 12288K, 0% used [0x00000000f0480000,0x00000000f0480000,0x00000000f1080000)
  to   space 11776K, 0% used [0x00000000f3b80000,0x00000000f3b80000,0x00000000f4700000)
 ParOldGen       total 79872K, used 15714K [0x00000000c0000000, 0x00000000c4e00000, 0x00000000eab00000)
  object space 79872K, 19% used [0x00000000c0000000,0x00000000c0f58ab0,0x00000000c4e00000)
 Metaspace       used 37812K, capacity 38590K, committed 38912K, reserved 1083392K
  class space    used 5322K, capacity 5589K, committed 5632K, reserved 1048576K
GC Heap History (10 events):
Event: 13.886 GC heap before
{Heap before GC invocations=7 (full 1):
 PSYoungGen      total 38400K, used 33280K [0x00000000eab00000, 0x00000000f0000000, 0x0000000100000000)
  eden space 33280K, 100% used [0x00000000eab00000,0x00000000ecb80000,0x00000000ecb80000)
  from space 5120K, 0% used [0x00000000ecb80000,0x00000000ecb80000,0x00000000ed080000)
  to   space 10240K, 0% used [0x00000000ef600000,0x00000000ef600000,0x00000000f0000000)
 ParOldGen       total 55808K, used 7984K [0x00000000c0000000, 0x00000000c3680000, 0x00000000eab00000)
  object space 55808K, 14% used [0x00000000c0000000,0x00000000c07cc140,0x00000000c3680000)
 Metaspace       used 23854K, capacity 24322K, committed 24576K, reserved 1071104K
  class space    used 3362K, capacity 3524K, committed 3584K, reserved 1048576K
Event: 13.896 GC heap after
Heap after GC invocations=7 (full 1):
 PSYoungGen      total 59904K, used 3625K [0x00000000eab00000, 0x00000000efa00000, 0x0000000100000000)
  eden space 55808K, 0% used [0x00000000eab00000,0x00000000eab00000,0x00000000ee180000)
  from space 4096K, 88% used [0x00000000ef600000,0x00000000ef98a4a0,0x00000000efa00000)
  to   space 10240K, 0% used [0x00000000ee600000,0x00000000ee600000,0x00000000ef000000)
 ParOldGen       total 55808K, used 7992K [0x00000000c0000000, 0x00000000c3680000, 0x00000000eab00000)
  object space 55808K, 14% used [0x00000000c0000000,0x00000000c07ce140,0x00000000c3680000)
 Metaspace       used 23854K, capacity 24322K, committed 24576K, reserved 1071104K
  class space    used 3362K, capacity 3524K, committed 3584K, reserved 1048576K
}
Event: 16.241 GC heap before
{Heap before GC invocations=8 (full 1):
 PSYoungGen      total 59904K, used 59433K [0x00000000eab00000, 0x00000000efa00000, 0x0000000100000000)
  eden space 55808K, 100% used [0x00000000eab00000,0x00000000ee180000,0x00000000ee180000)
  from space 4096K, 88% used [0x00000000ef600000,0x00000000ef98a4a0,0x00000000efa00000)
  to   space 10240K, 0% used [0x00000000ee600000,0x00000000ee600000,0x00000000ef000000)
 ParOldGen       total 55808K, used 7992K [0x00000000c0000000, 0x00000000c3680000, 0x00000000eab00000)
  object space 55808K, 14% used [0x00000000c0000000,0x00000000c07ce140,0x00000000c3680000)
 Metaspace       used 27960K, capacity 28614K, committed 28800K, reserved 1073152K
  class space    used 3956K, capacity 4135K, committed 4224K, reserved 1048576K
Event: 16.270 GC heap after
Heap after GC invocations=8 (full 1):
 PSYoungGen      total 70656K, used 7725K [0x00000000eab00000, 0x00000000f1a80000, 0x0000000100000000)
  eden space 60416K, 0% used [0x00000000eab00000,0x00000000eab00000,0x00000000ee600000)
  from space 10240K, 75% used [0x00000000ee600000,0x00000000eed8b780,0x00000000ef000000)
  to   space 10240K, 0% used [0x00000000f1080000,0x00000000f1080000,0x00000000f1a80000)
 ParOldGen       total 55808K, used 8000K [0x00000000c0000000, 0x00000000c3680000, 0x00000000eab00000)
  object space 55808K, 14% used [0x00000000c0000000,0x00000000c07d0140,0x00000000c3680000)
 Metaspace       used 27960K, capacity 28614K, committed 28800K, reserved 1073152K
  class space    used 3956K, capacity 4135K, committed 4224K, reserved 1048576K
}
Event: 19.139 GC heap before
{Heap before GC invocations=9 (full 1):
 PSYoungGen      total 70656K, used 68141K [0x00000000eab00000, 0x00000000f1a80000, 0x0000000100000000)
  eden space 60416K, 100% used [0x00000000eab00000,0x00000000ee600000,0x00000000ee600000)
  from space 10240K, 75% used [0x00000000ee600000,0x00000000eed8b780,0x00000000ef000000)
  to   space 10240K, 0% used [0x00000000f1080000,0x00000000f1080000,0x00000000f1a80000)
 ParOldGen       total 55808K, used 8000K [0x00000000c0000000, 0x00000000c3680000, 0x00000000eab00000)
  object space 55808K, 14% used [0x00000000c0000000,0x00000000c07d0140,0x00000000c3680000)
 Metaspace       used 32983K, capacity 33762K, committed 33920K, reserved 1079296K
  class space    used 4706K, capacity 4962K, committed 4992K, reserved 1048576K
Event: 19.161 GC heap after
Heap after GC invocations=9 (full 1):
 PSYoungGen      total 101888K, used 10214K [0x00000000eab00000, 0x00000000f2500000, 0x0000000100000000)
  eden space 91648K, 0% used [0x00000000eab00000,0x00000000eab00000,0x00000000f0480000)
  from space 10240K, 99% used [0x00000000f1080000,0x00000000f1a79840,0x00000000f1a80000)
  to   space 12288K, 0% used [0x00000000f0480000,0x00000000f0480000,0x00000000f1080000)
 ParOldGen       total 55808K, used 9022K [0x00000000c0000000, 0x00000000c3680000, 0x00000000eab00000)
  object space 55808K, 16% used [0x00000000c0000000,0x00000000c08cfa48,0x00000000c3680000)
 Metaspace       used 32983K, capacity 33762K, committed 33920K, reserved 1079296K
  class space    used 4706K, capacity 4962K, committed 4992K, reserved 1048576K
}
Event: 19.431 GC heap before
{Heap before GC invocations=10 (full 1):
 PSYoungGen      total 101888K, used 22472K [0x00000000eab00000, 0x00000000f2500000, 0x0000000100000000)
  eden space 91648K, 13% used [0x00000000eab00000,0x00000000eb6f8830,0x00000000f0480000)
  from space 10240K, 99% used [0x00000000f1080000,0x00000000f1a79840,0x00000000f1a80000)
  to   space 12288K, 0% used [0x00000000f0480000,0x00000000f0480000,0x00000000f1080000)
 ParOldGen       total 55808K, used 9022K [0x00000000c0000000, 0x00000000c3680000, 0x00000000eab00000)
  object space 55808K, 16% used [0x00000000c0000000,0x00000000c08cfa48,0x00000000c3680000)
 Metaspace       used 34523K, capacity 35282K, committed 35456K, reserved 1079296K
  class space    used 4909K, capacity 5149K, committed 5248K, reserved 1048576K
Event: 19.449 GC heap after
Heap after GC invocations=10 (full 1):
 PSYoungGen      total 103936K, used 7657K [0x00000000eab00000, 0x00000000f4700000, 0x0000000100000000)
  eden space 91648K, 0% used [0x00000000eab00000,0x00000000eab00000,0x00000000f0480000)
  from space 12288K, 62% used [0x00000000f0480000,0x00000000f0bfa600,0x00000000f1080000)
  to   space 11776K, 0% used [0x00000000f3b80000,0x00000000f3b80000,0x00000000f4700000)
 ParOldGen       total 55808K, used 10742K [0x00000000c0000000, 0x00000000c3680000, 0x00000000eab00000)
  object space 55808K, 19% used [0x00000000c0000000,0x00000000c0a7dbf8,0x00000000c3680000)
 Metaspace       used 34523K, capacity 35282K, committed 35456K, reserved 1079296K
  class space    used 4909K, capacity 5149K, committed 5248K, reserved 1048576K
}
Event: 19.449 GC heap before
{Heap before GC invocations=11 (full 2):
 PSYoungGen      total 103936K, used 7657K [0x00000000eab00000, 0x00000000f4700000, 0x0000000100000000)
  eden space 91648K, 0% used [0x00000000eab00000,0x00000000eab00000,0x00000000f0480000)
  from space 12288K, 62% used [0x00000000f0480000,0x00000000f0bfa600,0x00000000f1080000)
  to   space 11776K, 0% used [0x00000000f3b80000,0x00000000f3b80000,0x00000000f4700000)
 ParOldGen       total 55808K, used 10742K [0x00000000c0000000, 0x00000000c3680000, 0x00000000eab00000)
  object space 55808K, 19% used [0x00000000c0000000,0x00000000c0a7dbf8,0x00000000c3680000)
 Metaspace       used 34523K, capacity 35282K, committed 35456K, reserved 1079296K
  class space    used 4909K, capacity 5149K, committed 5248K, reserved 1048576K
Event: 19.607 GC heap after
Heap after GC invocations=11 (full 2):
 PSYoungGen      total 103936K, used 0K [0x00000000eab00000, 0x00000000f4700000, 0x0000000100000000)
  eden space 91648K, 0% used [0x00000000eab00000,0x00000000eab00000,0x00000000f0480000)
  from space 12288K, 0% used [0x00000000f0480000,0x00000000f0480000,0x00000000f1080000)
  to   space 11776K, 0% used [0x00000000f3b80000,0x00000000f3b80000,0x00000000f4700000)
 ParOldGen       total 79872K, used 15714K [0x00000000c0000000, 0x00000000c4e00000, 0x00000000eab00000)
  object space 79872K, 19% used [0x00000000c0000000,0x00000000c0f58ab0,0x00000000c4e00000)
 Metaspace       used 34523K, capacity 35282K, committed 35456K, reserved 1079296K
  class space    used 4909K, capacity 5149K, committed 5248K, reserved 1048576K
}

