# JRE version: Java(TM) SE Runtime Environment (8.0_77-b03) (build 1.8.0_77-b03)
# Java VM: Java HotSpot(TM) 64-Bit Server VM (25.77-b03 mixed mode windows-amd64 compressed oops)
Heap:
 PSYoungGen      total 169984K, used 49613K [0x00000000eab00000, 0x00000000fba80000, 0x0000000100000000)
  eden space 156160K, 31% used [0x00000000eab00000,0x00000000edb73500,0x00000000f4380000)
  from space 13824K, 0% used [0x00000000f5080000,0x00000000f5080000,0x00000000f5e00000)
  to   space 13312K, 0% used [0x00000000f4380000,0x00000000f4380000,0x00000000f5080000)
 ParOldGen       total 74240K, used 15217K [0x00000000c0000000, 0x00000000c4880000, 0x00000000eab00000)
  object space 74240K, 20% used [0x00000000c0000000,0x00000000c0edc4a8,0x00000000c4880000)
 Metaspace       used 39903K, capacity 40688K, committed 40960K, reserved 1085440K
  class space    used 5526K, capacity 5780K, committed 5888K, reserved 1048576K
GC Heap History (10 events):
Event: 5.569 GC heap before
{Heap before GC invocations=6 (full 1):
 PSYoungGen      total 71680K, used 5108K [0x00000000eab00000, 0x00000000f4100000, 0x0000000100000000)
  eden space 66560K, 0% used [0x00000000eab00000,0x00000000eab00000,0x00000000eec00000)
  from space 5120K, 99% used [0x00000000eec00000,0x00000000ef0fd060,0x00000000ef100000)
  to   space 10240K, 0% used [0x00000000f3700000,0x00000000f3700000,0x00000000f4100000)
 ParOldGen       total 87552K, used 8039K [0x00000000c0000000, 0x00000000c5580000, 0x00000000eab00000)
  object space 87552K, 9% used [0x00000000c0000000,0x00000000c07d9c50,0x00000000c5580000)
 Metaspace       used 20769K, capacity 21150K, committed 21296K, reserved 1067008K
  class space    used 2966K, capacity 3132K, committed 3200K, reserved 1048576K
Event: 5.646 GC heap after
Heap after GC invocations=6 (full 1):
 PSYoungGen      total 71680K, used 0K [0x00000000eab00000, 0x00000000f4100000, 0x0000000100000000)
  eden space 66560K, 0% used [0x00000000eab00000,0x00000000eab00000,0x00000000eec00000)
  from space 5120K, 0% used [0x00000000eec00000,0x00000000eec00000,0x00000000ef100000)
  to   space 10240K, 0% used [0x00000000f3700000,0x00000000f3700000,0x00000000f4100000)
 ParOldGen       total 59904K, used 7998K [0x00000000c0000000, 0x00000000c3a80000, 0x00000000eab00000)
  object space 59904K, 13% used [0x00000000c0000000,0x00000000c07cf998,0x00000000c3a80000)
 Metaspace       used 20769K, capacity 21150K, committed 21296K, reserved 1067008K
  class space    used 2966K, capacity 3132K, committed 3200K, reserved 1048576K
}
Event: 7.605 GC heap before
{Heap before GC invocations=7 (full 1):
 PSYoungGen      total 71680K, used 66460K [0x00000000eab00000, 0x00000000f4100000, 0x0000000100000000)
  eden space 66560K, 99% used [0x00000000eab00000,0x00000000eebe70f8,0x00000000eec00000)
  from space 5120K, 0% used [0x00000000eec00000,0x00000000eec00000,0x00000000ef100000)
  to   space 10240K, 0% used [0x00000000f3700000,0x00000000f3700000,0x00000000f4100000)
 ParOldGen       total 59904K, used 7998K [0x00000000c0000000, 0x00000000c3a80000, 0x00000000eab00000)
  object space 59904K, 13% used [0x00000000c0000000,0x00000000c07cf998,0x00000000c3a80000)
 Metaspace       used 26090K, capacity 26574K, committed 26752K, reserved 1073152K
  class space    used 3729K, capacity 3866K, committed 3968K, reserved 1048576K
Event: 7.622 GC heap after
Heap after GC invocations=7 (full 1):
 PSYoungGen      total 110080K, used 6979K [0x00000000eab00000, 0x00000000f3e00000, 0x0000000100000000)
  eden space 102912K, 0% used [0x00000000eab00000,0x00000000eab00000,0x00000000f0f80000)
  from space 7168K, 97% used [0x00000000f3700000,0x00000000f3dd0e80,0x00000000f3e00000)
  to   space 9728K, 0% used [0x00000000f2b00000,0x00000000f2b00000,0x00000000f3480000)
 ParOldGen       total 59904K, used 8006K [0x00000000c0000000, 0x00000000c3a80000, 0x00000000eab00000)
  object space 59904K, 13% used [0x00000000c0000000,0x00000000c07d1998,0x00000000c3a80000)
 Metaspace       used 26090K, capacity 26574K, committed 26752K, reserved 1073152K
  class space    used 3729K, capacity 3866K, committed 3968K, reserved 1048576K
}
Event: 11.472 GC heap before
{Heap before GC invocations=8 (full 1):
 PSYoungGen      total 110080K, used 109891K [0x00000000eab00000, 0x00000000f3e00000, 0x0000000100000000)
  eden space 102912K, 100% used [0x00000000eab00000,0x00000000f0f80000,0x00000000f0f80000)
  from space 7168K, 97% used [0x00000000f3700000,0x00000000f3dd0e80,0x00000000f3e00000)
  to   space 9728K, 0% used [0x00000000f2b00000,0x00000000f2b00000,0x00000000f3480000)
 ParOldGen       total 59904K, used 8006K [0x00000000c0000000, 0x00000000c3a80000, 0x00000000eab00000)
  object space 59904K, 13% used [0x00000000c0000000,0x00000000c07d1998,0x00000000c3a80000)
 Metaspace       used 34637K, capacity 35418K, committed 35496K, reserved 1079296K
  class space    used 4858K, capacity 5068K, committed 5120K, reserved 1048576K
Event: 11.501 GC heap after
Heap after GC invocations=8 (full 1):
 PSYoungGen      total 140800K, used 9712K [0x00000000eab00000, 0x00000000f5e00000, 0x0000000100000000)
  eden space 131072K, 0% used [0x00000000eab00000,0x00000000eab00000,0x00000000f2b00000)
  from space 9728K, 99% used [0x00000000f2b00000,0x00000000f347c088,0x00000000f3480000)
  to   space 13824K, 0% used [0x00000000f5080000,0x00000000f5080000,0x00000000f5e00000)
 ParOldGen       total 59904K, used 13462K [0x00000000c0000000, 0x00000000c3a80000, 0x00000000eab00000)
  object space 59904K, 22% used [0x00000000c0000000,0x00000000c0d25a70,0x00000000c3a80000)
 Metaspace       used 34637K, capacity 35418K, committed 35496K, reserved 1079296K
  class space    used 4858K, capacity 5068K, committed 5120K, reserved 1048576K
}
Event: 11.517 GC heap before
{Heap before GC invocations=9 (full 1):
 PSYoungGen      total 140800K, used 11989K [0x00000000eab00000, 0x00000000f5e00000, 0x0000000100000000)
  eden space 131072K, 1% used [0x00000000eab00000,0x00000000ead39488,0x00000000f2b00000)
  from space 9728K, 99% used [0x00000000f2b00000,0x00000000f347c088,0x00000000f3480000)
  to   space 13824K, 0% used [0x00000000f5080000,0x00000000f5080000,0x00000000f5e00000)
 ParOldGen       total 59904K, used 13462K [0x00000000c0000000, 0x00000000c3a80000, 0x00000000eab00000)
  object space 59904K, 22% used [0x00000000c0000000,0x00000000c0d25a70,0x00000000c3a80000)
 Metaspace       used 34692K, capacity 35418K, committed 35496K, reserved 1079296K
  class space    used 4867K, capacity 5068K, committed 5120K, reserved 1048576K
Event: 11.537 GC heap after
Heap after GC invocations=9 (full 1):
 PSYoungGen      total 169984K, used 8840K [0x00000000eab00000, 0x00000000fba80000, 0x0000000100000000)
  eden space 156160K, 0% used [0x00000000eab00000,0x00000000eab00000,0x00000000f4380000)
  from space 13824K, 63% used [0x00000000f5080000,0x00000000f59220e0,0x00000000f5e00000)
  to   space 13312K, 0% used [0x00000000f4380000,0x00000000f4380000,0x00000000f5080000)
 ParOldGen       total 59904K, used 13470K [0x00000000c0000000, 0x00000000c3a80000, 0x00000000eab00000)
  object space 59904K, 22% used [0x00000000c0000000,0x00000000c0d27a70,0x00000000c3a80000)
 Metaspace       used 34692K, capacity 35418K, committed 35496K, reserved 1079296K
  class space    used 4867K, capacity 5068K, committed 5120K, reserved 1048576K
}
Event: 11.537 GC heap before
{Heap before GC invocations=10 (full 2):
 PSYoungGen      total 169984K, used 8840K [0x00000000eab00000, 0x00000000fba80000, 0x0000000100000000)
  eden space 156160K, 0% used [0x00000000eab00000,0x00000000eab00000,0x00000000f4380000)
  from space 13824K, 63% used [0x00000000f5080000,0x00000000f59220e0,0x00000000f5e00000)
  to   space 13312K, 0% used [0x00000000f4380000,0x00000000f4380000,0x00000000f5080000)
 ParOldGen       total 59904K, used 13470K [0x00000000c0000000, 0x00000000c3a80000, 0x00000000eab00000)
  object space 59904K, 22% used [0x00000000c0000000,0x00000000c0d27a70,0x00000000c3a80000)
 Metaspace       used 34692K, capacity 35418K, committed 35496K, reserved 1079296K
  class space    used 4867K, capacity 5068K, committed 5120K, reserved 1048576K
Event: 11.692 GC heap after
Heap after GC invocations=10 (full 2):
 PSYoungGen      total 169984K, used 0K [0x00000000eab00000, 0x00000000fba80000, 0x0000000100000000)
  eden space 156160K, 0% used [0x00000000eab00000,0x00000000eab00000,0x00000000f4380000)
  from space 13824K, 0% used [0x00000000f5080000,0x00000000f5080000,0x00000000f5e00000)
  to   space 13312K, 0% used [0x00000000f4380000,0x00000000f4380000,0x00000000f5080000)
 ParOldGen       total 74240K, used 15217K [0x00000000c0000000, 0x00000000c4880000, 0x00000000eab00000)
  object space 74240K, 20% used [0x00000000c0000000,0x00000000c0edc4a8,0x00000000c4880000)
 Metaspace       used 34669K, capacity 35330K, committed 35496K, reserved 1079296K
  class space    used 4860K, capacity 5060K, committed 5120K, reserved 1048576K
}

