# JRE version: Java(TM) SE Runtime Environment (8.0_77-b03) (build 1.8.0_77-b03)
# Java VM: Java HotSpot(TM) 64-Bit Server VM (25.77-b03 mixed mode windows-amd64 compressed oops)
Heap:
 PSYoungGen      total 140800K, used 24560K [0x00000000eab00000, 0x00000000f4a00000, 0x0000000100000000)
  eden space 131072K, 11% used [0x00000000eab00000,0x00000000eb97dbb8,0x00000000f2b00000)
  from space 9728K, 99% used [0x00000000f2b00000,0x00000000f347e690,0x00000000f3480000)
  to   space 12800K, 0% used [0x00000000f3d80000,0x00000000f3d80000,0x00000000f4a00000)
 ParOldGen       total 62976K, used 11829K [0x00000000c0000000, 0x00000000c3d80000, 0x00000000eab00000)
  object space 62976K, 18% used [0x00000000c0000000,0x00000000c0b8d678,0x00000000c3d80000)
 Metaspace       used 34601K, capacity 35278K, committed 35328K, reserved 1079296K
  class space    used 4891K, capacity 5110K, committed 5120K, reserved 1048576K
GC Heap History (10 events):
Event: 4.885 GC heap before
{Heap before GC invocations=4 (full 0):
 PSYoungGen      total 38400K, used 38376K [0x00000000eab00000, 0x00000000ef600000, 0x0000000100000000)
  eden space 33280K, 100% used [0x00000000eab00000,0x00000000ecb80000,0x00000000ecb80000)
  from space 5120K, 99% used [0x00000000ecb80000,0x00000000ed07a1a8,0x00000000ed080000)
  to   space 5120K, 0% used [0x00000000ef100000,0x00000000ef100000,0x00000000ef600000)
 ParOldGen       total 87552K, used 2272K [0x00000000c0000000, 0x00000000c5580000, 0x00000000eab00000)
  object space 87552K, 2% used [0x00000000c0000000,0x00000000c0238378,0x00000000c5580000)
 Metaspace       used 17540K, capacity 18040K, committed 18176K, reserved 1064960K
  class space    used 2594K, capacity 2778K, committed 2816K, reserved 1048576K
Event: 4.904 GC heap after
Heap after GC invocations=4 (full 0):
 PSYoungGen      total 71680K, used 5104K [0x00000000eab00000, 0x00000000ef600000, 0x0000000100000000)
  eden space 66560K, 0% used [0x00000000eab00000,0x00000000eab00000,0x00000000eec00000)
  from space 5120K, 99% used [0x00000000ef100000,0x00000000ef5fc050,0x00000000ef600000)
  to   space 5120K, 0% used [0x00000000eec00000,0x00000000eec00000,0x00000000ef100000)
 ParOldGen       total 87552K, used 5477K [0x00000000c0000000, 0x00000000c5580000, 0x00000000eab00000)
  object space 87552K, 6% used [0x00000000c0000000,0x00000000c05595f8,0x00000000c5580000)
 Metaspace       used 17540K, capacity 18040K, committed 18176K, reserved 1064960K
  class space    used 2594K, capacity 2778K, committed 2816K, reserved 1048576K
}
Event: 5.692 GC heap before
{Heap before GC invocations=5 (full 0):
 PSYoungGen      total 71680K, used 20631K [0x00000000eab00000, 0x00000000ef600000, 0x0000000100000000)
  eden space 66560K, 23% used [0x00000000eab00000,0x00000000eba29fa8,0x00000000eec00000)
  from space 5120K, 99% used [0x00000000ef100000,0x00000000ef5fc050,0x00000000ef600000)
  to   space 5120K, 0% used [0x00000000eec00000,0x00000000eec00000,0x00000000ef100000)
 ParOldGen       total 87552K, used 5477K [0x00000000c0000000, 0x00000000c5580000, 0x00000000eab00000)
  object space 87552K, 6% used [0x00000000c0000000,0x00000000c05595f8,0x00000000c5580000)
 Metaspace       used 20778K, capacity 21150K, committed 21296K, reserved 1067008K
  class space    used 2971K, capacity 3132K, committed 3200K, reserved 1048576K
Event: 5.716 GC heap after
Heap after GC invocations=5 (full 0):
 PSYoungGen      total 71680K, used 5092K [0x00000000eab00000, 0x00000000f4100000, 0x0000000100000000)
  eden space 66560K, 0% used [0x00000000eab00000,0x00000000eab00000,0x00000000eec00000)
  from space 5120K, 99% used [0x00000000eec00000,0x00000000ef0f9050,0x00000000ef100000)
  to   space 10240K, 0% used [0x00000000f3700000,0x00000000f3700000,0x00000000f4100000)
 ParOldGen       total 87552K, used 8077K [0x00000000c0000000, 0x00000000c5580000, 0x00000000eab00000)
  object space 87552K, 9% used [0x00000000c0000000,0x00000000c07e3418,0x00000000c5580000)
 Metaspace       used 20778K, capacity 21150K, committed 21296K, reserved 1067008K
  class space    used 2971K, capacity 3132K, committed 3200K, reserved 1048576K
}
Event: 5.716 GC heap before
{Heap before GC invocations=6 (full 1):
 PSYoungGen      total 71680K, used 5092K [0x00000000eab00000, 0x00000000f4100000, 0x0000000100000000)
  eden space 66560K, 0% used [0x00000000eab00000,0x00000000eab00000,0x00000000eec00000)
  from space 5120K, 99% used [0x00000000eec00000,0x00000000ef0f9050,0x00000000ef100000)
  to   space 10240K, 0% used [0x00000000f3700000,0x00000000f3700000,0x00000000f4100000)
 ParOldGen       total 87552K, used 8077K [0x00000000c0000000, 0x00000000c5580000, 0x00000000eab00000)
  object space 87552K, 9% used [0x00000000c0000000,0x00000000c07e3418,0x00000000c5580000)
 Metaspace       used 20778K, capacity 21150K, committed 21296K, reserved 1067008K
  class space    used 2971K, capacity 3132K, committed 3200K, reserved 1048576K
Event: 5.821 GC heap after
Heap after GC invocations=6 (full 1):
 PSYoungGen      total 71680K, used 0K [0x00000000eab00000, 0x00000000f4100000, 0x0000000100000000)
  eden space 66560K, 0% used [0x00000000eab00000,0x00000000eab00000,0x00000000eec00000)
  from space 5120K, 0% used [0x00000000eec00000,0x00000000eec00000,0x00000000ef100000)
  to   space 10240K, 0% used [0x00000000f3700000,0x00000000f3700000,0x00000000f4100000)
 ParOldGen       total 62976K, used 8004K [0x00000000c0000000, 0x00000000c3d80000, 0x00000000eab00000)
  object space 62976K, 12% used [0x00000000c0000000,0x00000000c07d1258,0x00000000c3d80000)
 Metaspace       used 20778K, capacity 21150K, committed 21296K, reserved 1067008K
  class space    used 2971K, capacity 3132K, committed 3200K, reserved 1048576K
}
Event: 7.837 GC heap before
{Heap before GC invocations=7 (full 1):
 PSYoungGen      total 71680K, used 66354K [0x00000000eab00000, 0x00000000f4100000, 0x0000000100000000)
  eden space 66560K, 99% used [0x00000000eab00000,0x00000000eebcc988,0x00000000eec00000)
  from space 5120K, 0% used [0x00000000eec00000,0x00000000eec00000,0x00000000ef100000)
  to   space 10240K, 0% used [0x00000000f3700000,0x00000000f3700000,0x00000000f4100000)
 ParOldGen       total 62976K, used 8004K [0x00000000c0000000, 0x00000000c3d80000, 0x00000000eab00000)
  object space 62976K, 12% used [0x00000000c0000000,0x00000000c07d1258,0x00000000c3d80000)
 Metaspace       used 26098K, capacity 26606K, committed 26752K, reserved 1073152K
  class space    used 3736K, capacity 3898K, committed 3968K, reserved 1048576K
Event: 7.848 GC heap after
Heap after GC invocations=7 (full 1):
 PSYoungGen      total 103424K, used 7053K [0x00000000eab00000, 0x00000000f3e00000, 0x0000000100000000)
  eden space 96256K, 0% used [0x00000000eab00000,0x00000000eab00000,0x00000000f0900000)
  from space 7168K, 98% used [0x00000000f3700000,0x00000000f3de3790,0x00000000f3e00000)
  to   space 9728K, 0% used [0x00000000f2b00000,0x00000000f2b00000,0x00000000f3480000)
 ParOldGen       total 62976K, used 8012K [0x00000000c0000000, 0x00000000c3d80000, 0x00000000eab00000)
  object space 62976K, 12% used [0x00000000c0000000,0x00000000c07d3258,0x00000000c3d80000)
 Metaspace       used 26098K, capacity 26606K, committed 26752K, reserved 1073152K
  class space    used 3736K, capacity 3898K, committed 3968K, reserved 1048576K
}
Event: 10.763 GC heap before
{Heap before GC invocations=8 (full 1):
 PSYoungGen      total 103424K, used 103309K [0x00000000eab00000, 0x00000000f3e00000, 0x0000000100000000)
  eden space 96256K, 100% used [0x00000000eab00000,0x00000000f0900000,0x00000000f0900000)
  from space 7168K, 98% used [0x00000000f3700000,0x00000000f3de3790,0x00000000f3e00000)
  to   space 9728K, 0% used [0x00000000f2b00000,0x00000000f2b00000,0x00000000f3480000)
 ParOldGen       total 62976K, used 8012K [0x00000000c0000000, 0x00000000c3d80000, 0x00000000eab00000)
  object space 62976K, 12% used [0x00000000c0000000,0x00000000c07d3258,0x00000000c3d80000)
 Metaspace       used 32986K, capacity 33660K, committed 33920K, reserved 1079296K
  class space    used 4725K, capacity 4940K, committed 4992K, reserved 1048576K
Event: 10.791 GC heap after
Heap after GC invocations=8 (full 1):
 PSYoungGen      total 140800K, used 9721K [0x00000000eab00000, 0x00000000f4a00000, 0x0000000100000000)
  eden space 131072K, 0% used [0x00000000eab00000,0x00000000eab00000,0x00000000f2b00000)
  from space 9728K, 99% used [0x00000000f2b00000,0x00000000f347e690,0x00000000f3480000)
  to   space 12800K, 0% used [0x00000000f3d80000,0x00000000f3d80000,0x00000000f4a00000)
 ParOldGen       total 62976K, used 11829K [0x00000000c0000000, 0x00000000c3d80000, 0x00000000eab00000)
  object space 62976K, 18% used [0x00000000c0000000,0x00000000c0b8d678,0x00000000c3d80000)
 Metaspace       used 32986K, capacity 33660K, committed 33920K, reserved 1079296K
  class space    used 4725K, capacity 4940K, committed 4992K, reserved 1048576K
}

