# JRE version: Java(TM) SE Runtime Environment (8.0_77-b03) (build 1.8.0_77-b03)
# Java VM: Java HotSpot(TM) 64-Bit Server VM (25.77-b03 mixed mode windows-amd64 compressed oops)
Heap:
 PSYoungGen      total 90624K, used 76843K [0x00000000eab00000, 0x00000000f2d00000, 0x0000000100000000)
  eden space 78848K, 82% used [0x00000000eab00000,0x00000000eea92e18,0x00000000ef800000)
  from space 11776K, 99% used [0x00000000f1780000,0x00000000f22f8050,0x00000000f2300000)
  to   space 27136K, 0% used [0x00000000ef800000,0x00000000ef800000,0x00000000f1280000)
 ParOldGen       total 97792K, used 55581K [0x00000000c0000000, 0x00000000c5f80000, 0x00000000eab00000)
  object space 97792K, 56% used [0x00000000c0000000,0x00000000c3647488,0x00000000c5f80000)
 Metaspace       used 71528K, capacity 73992K, committed 74112K, reserved 1114112K
  class space    used 9421K, capacity 10029K, committed 10112K, reserved 1048576K
GC Heap History (10 events):
Event: 398.649 GC heap before
{Heap before GC invocations=33 (full 3):
 PSYoungGen      total 89088K, used 79557K [0x00000000eab00000, 0x00000000f1e80000, 0x0000000100000000)
  eden space 72192K, 100% used [0x00000000eab00000,0x00000000ef180000,0x00000000ef180000)
  from space 16896K, 43% used [0x00000000ef180000,0x00000000ef8b1728,0x00000000f0200000)
  to   space 15872K, 0% used [0x00000000f0f00000,0x00000000f0f00000,0x00000000f1e80000)
 ParOldGen       total 97792K, used 32955K [0x00000000c0000000, 0x00000000c5f80000, 0x00000000eab00000)
  object space 97792K, 33% used [0x00000000c0000000,0x00000000c202ec80,0x00000000c5f80000)
 Metaspace       used 62300K, capacity 64192K, committed 64512K, reserved 1105920K
  class space    used 8420K, capacity 8885K, committed 8960K, reserved 1048576K
Event: 398.666 GC heap after
Heap after GC invocations=33 (full 3):
 PSYoungGen      total 98304K, used 6111K [0x00000000eab00000, 0x00000000f1c00000, 0x0000000100000000)
  eden space 84992K, 0% used [0x00000000eab00000,0x00000000eab00000,0x00000000efe00000)
  from space 13312K, 45% used [0x00000000f0f00000,0x00000000f14f7ce0,0x00000000f1c00000)
  to   space 15360K, 0% used [0x00000000efe00000,0x00000000efe00000,0x00000000f0d00000)
 ParOldGen       total 97792K, used 32963K [0x00000000c0000000, 0x00000000c5f80000, 0x00000000eab00000)
  object space 97792K, 33% used [0x00000000c0000000,0x00000000c2030c80,0x00000000c5f80000)
 Metaspace       used 62300K, capacity 64192K, committed 64512K, reserved 1105920K
  class space    used 8420K, capacity 8885K, committed 8960K, reserved 1048576K
}
Event: 531.085 GC heap before
{Heap before GC invocations=34 (full 3):
 PSYoungGen      total 98304K, used 91103K [0x00000000eab00000, 0x00000000f1c00000, 0x0000000100000000)
  eden space 84992K, 100% used [0x00000000eab00000,0x00000000efe00000,0x00000000efe00000)
  from space 13312K, 45% used [0x00000000f0f00000,0x00000000f14f7ce0,0x00000000f1c00000)
  to   space 15360K, 0% used [0x00000000efe00000,0x00000000efe00000,0x00000000f0d00000)
 ParOldGen       total 97792K, used 32963K [0x00000000c0000000, 0x00000000c5f80000, 0x00000000eab00000)
  object space 97792K, 33% used [0x00000000c0000000,0x00000000c2030c80,0x00000000c5f80000)
 Metaspace       used 62385K, capacity 64256K, committed 64512K, reserved 1105920K
  class space    used 8421K, capacity 8885K, committed 8960K, reserved 1048576K
Event: 531.097 GC heap after
Heap after GC invocations=34 (full 3):
 PSYoungGen      total 100352K, used 6066K [0x00000000eab00000, 0x00000000f2800000, 0x0000000100000000)
  eden space 84992K, 0% used [0x00000000eab00000,0x00000000eab00000,0x00000000efe00000)
  from space 15360K, 39% used [0x00000000efe00000,0x00000000f03ecaf0,0x00000000f0d00000)
  to   space 14848K, 0% used [0x00000000f1980000,0x00000000f1980000,0x00000000f2800000)
 ParOldGen       total 97792K, used 32971K [0x00000000c0000000, 0x00000000c5f80000, 0x00000000eab00000)
  object space 97792K, 33% used [0x00000000c0000000,0x00000000c2032c80,0x00000000c5f80000)
 Metaspace       used 62385K, capacity 64256K, committed 64512K, reserved 1105920K
  class space    used 8421K, capacity 8885K, committed 8960K, reserved 1048576K
}
Event: 559.803 GC heap before
{Heap before GC invocations=35 (full 3):
 PSYoungGen      total 100352K, used 91058K [0x00000000eab00000, 0x00000000f2800000, 0x0000000100000000)
  eden space 84992K, 100% used [0x00000000eab00000,0x00000000efe00000,0x00000000efe00000)
  from space 15360K, 39% used [0x00000000efe00000,0x00000000f03ecaf0,0x00000000f0d00000)
  to   space 14848K, 0% used [0x00000000f1980000,0x00000000f1980000,0x00000000f2800000)
 ParOldGen       total 97792K, used 32971K [0x00000000c0000000, 0x00000000c5f80000, 0x00000000eab00000)
  object space 97792K, 33% used [0x00000000c0000000,0x00000000c2032c80,0x00000000c5f80000)
 Metaspace       used 63057K, capacity 65016K, committed 65152K, reserved 1105920K
  class space    used 8506K, capacity 8996K, committed 9088K, reserved 1048576K
Event: 559.853 GC heap after
Heap after GC invocations=35 (full 3):
 PSYoungGen      total 97280K, used 14184K [0x00000000eab00000, 0x00000000f2780000, 0x0000000100000000)
  eden space 82944K, 0% used [0x00000000eab00000,0x00000000eab00000,0x00000000efc00000)
  from space 14336K, 98% used [0x00000000f1980000,0x00000000f275a1f0,0x00000000f2780000)
  to   space 16384K, 0% used [0x00000000f0780000,0x00000000f0780000,0x00000000f1780000)
 ParOldGen       total 97792K, used 32971K [0x00000000c0000000, 0x00000000c5f80000, 0x00000000eab00000)
  object space 97792K, 33% used [0x00000000c0000000,0x00000000c2032c80,0x00000000c5f80000)
 Metaspace       used 63057K, capacity 65016K, committed 65152K, reserved 1105920K
  class space    used 8506K, capacity 8996K, committed 9088K, reserved 1048576K
}
Event: 579.783 GC heap before
{Heap before GC invocations=36 (full 3):
 PSYoungGen      total 97280K, used 97128K [0x00000000eab00000, 0x00000000f2780000, 0x0000000100000000)
  eden space 82944K, 100% used [0x00000000eab00000,0x00000000efc00000,0x00000000efc00000)
  from space 14336K, 98% used [0x00000000f1980000,0x00000000f275a1f0,0x00000000f2780000)
  to   space 16384K, 0% used [0x00000000f0780000,0x00000000f0780000,0x00000000f1780000)
 ParOldGen       total 97792K, used 32971K [0x00000000c0000000, 0x00000000c5f80000, 0x00000000eab00000)
  object space 97792K, 33% used [0x00000000c0000000,0x00000000c2032c80,0x00000000c5f80000)
 Metaspace       used 66819K, capacity 69018K, committed 69248K, reserved 1110016K
  class space    used 8911K, capacity 9479K, committed 9600K, reserved 1048576K
Event: 579.829 GC heap after
Heap after GC invocations=36 (full 3):
 PSYoungGen      total 97280K, used 16368K [0x00000000eab00000, 0x00000000f2300000, 0x0000000100000000)
  eden space 80896K, 0% used [0x00000000eab00000,0x00000000eab00000,0x00000000efa00000)
  from space 16384K, 99% used [0x00000000f0780000,0x00000000f177c050,0x00000000f1780000)
  to   space 11776K, 0% used [0x00000000f1780000,0x00000000f1780000,0x00000000f2300000)
 ParOldGen       total 97792K, used 38729K [0x00000000c0000000, 0x00000000c5f80000, 0x00000000eab00000)
  object space 97792K, 39% used [0x00000000c0000000,0x00000000c25d2600,0x00000000c5f80000)
 Metaspace       used 66819K, capacity 69018K, committed 69248K, reserved 1110016K
  class space    used 8911K, capacity 9479K, committed 9600K, reserved 1048576K
}
Event: 605.690 GC heap before
{Heap before GC invocations=37 (full 3):
 PSYoungGen      total 97280K, used 97264K [0x00000000eab00000, 0x00000000f2300000, 0x0000000100000000)
  eden space 80896K, 100% used [0x00000000eab00000,0x00000000efa00000,0x00000000efa00000)
  from space 16384K, 99% used [0x00000000f0780000,0x00000000f177c050,0x00000000f1780000)
  to   space 11776K, 0% used [0x00000000f1780000,0x00000000f1780000,0x00000000f2300000)
 ParOldGen       total 97792K, used 38729K [0x00000000c0000000, 0x00000000c5f80000, 0x00000000eab00000)
  object space 97792K, 39% used [0x00000000c0000000,0x00000000c25d2600,0x00000000c5f80000)
 Metaspace       used 69642K, capacity 71910K, committed 72064K, reserved 1112064K
  class space    used 9228K, capacity 9783K, committed 9856K, reserved 1048576K
Event: 605.757 GC heap after
Heap after GC invocations=37 (full 3):
 PSYoungGen      total 90624K, used 11744K [0x00000000eab00000, 0x00000000f2d00000, 0x0000000100000000)
  eden space 78848K, 0% used [0x00000000eab00000,0x00000000eab00000,0x00000000ef800000)
  from space 11776K, 99% used [0x00000000f1780000,0x00000000f22f8050,0x00000000f2300000)
  to   space 27136K, 0% used [0x00000000ef800000,0x00000000ef800000,0x00000000f1280000)
 ParOldGen       total 97792K, used 55581K [0x00000000c0000000, 0x00000000c5f80000, 0x00000000eab00000)
  object space 97792K, 56% used [0x00000000c0000000,0x00000000c3647488,0x00000000c5f80000)
 Metaspace       used 69642K, capacity 71910K, committed 72064K, reserved 1112064K
  class space    used 9228K, capacity 9783K, committed 9856K, reserved 1048576K
}

