# JRE version: Java(TM) SE Runtime Environment (8.0_77-b03) (build 1.8.0_77-b03)
# Java VM: Java HotSpot(TM) 64-Bit Server VM (25.77-b03 mixed mode windows-amd64 compressed oops)
Heap:
 PSYoungGen      total 82944K, used 48004K [0x00000000eab00000, 0x00000000f1e80000, 0x0000000100000000)
  eden space 71168K, 67% used [0x00000000eab00000,0x00000000ed9e13f0,0x00000000ef080000)
  from space 11776K, 0% used [0x00000000ef080000,0x00000000ef080000,0x00000000efc00000)
  to   space 12288K, 0% used [0x00000000f1280000,0x00000000f1280000,0x00000000f1e80000)
 ParOldGen       total 98816K, used 16563K [0x00000000c0000000, 0x00000000c6080000, 0x00000000eab00000)
  object space 98816K, 16% used [0x00000000c0000000,0x00000000c102ccc0,0x00000000c6080000)
 Metaspace       used 37414K, capacity 38276K, committed 38400K, reserved 1081344K
  class space    used 5258K, capacity 5554K, committed 5632K, reserved 1048576K
GC Heap History (10 events):
Event: 5.400 GC heap before
{Heap before GC invocations=7 (full 1):
 PSYoungGen      total 38400K, used 33280K [0x00000000eab00000, 0x00000000f0000000, 0x0000000100000000)
  eden space 33280K, 100% used [0x00000000eab00000,0x00000000ecb80000,0x00000000ecb80000)
  from space 5120K, 0% used [0x00000000ecb80000,0x00000000ecb80000,0x00000000ed080000)
  to   space 10240K, 0% used [0x00000000ef600000,0x00000000ef600000,0x00000000f0000000)
 ParOldGen       total 62464K, used 8005K [0x00000000c0000000, 0x00000000c3d00000, 0x00000000eab00000)
  object space 62464K, 12% used [0x00000000c0000000,0x00000000c07d1660,0x00000000c3d00000)
 Metaspace       used 23890K, capacity 24310K, committed 24576K, reserved 1071104K
  class space    used 3375K, capacity 3524K, committed 3584K, reserved 1048576K
Event: 5.408 GC heap after
Heap after GC invocations=7 (full 1):
 PSYoungGen      total 53248K, used 3640K [0x00000000eab00000, 0x00000000efa00000, 0x0000000100000000)
  eden space 49152K, 0% used [0x00000000eab00000,0x00000000eab00000,0x00000000edb00000)
  from space 4096K, 88% used [0x00000000ef600000,0x00000000ef98e260,0x00000000efa00000)
  to   space 10240K, 0% used [0x00000000ee600000,0x00000000ee600000,0x00000000ef000000)
 ParOldGen       total 62464K, used 8013K [0x00000000c0000000, 0x00000000c3d00000, 0x00000000eab00000)
  object space 62464K, 12% used [0x00000000c0000000,0x00000000c07d3660,0x00000000c3d00000)
 Metaspace       used 23890K, capacity 24310K, committed 24576K, reserved 1071104K
  class space    used 3375K, capacity 3524K, committed 3584K, reserved 1048576K
}
Event: 6.856 GC heap before
{Heap before GC invocations=8 (full 1):
 PSYoungGen      total 53248K, used 52792K [0x00000000eab00000, 0x00000000efa00000, 0x0000000100000000)
  eden space 49152K, 100% used [0x00000000eab00000,0x00000000edb00000,0x00000000edb00000)
  from space 4096K, 88% used [0x00000000ef600000,0x00000000ef98e260,0x00000000efa00000)
  to   space 10240K, 0% used [0x00000000ee600000,0x00000000ee600000,0x00000000ef000000)
 ParOldGen       total 62464K, used 8013K [0x00000000c0000000, 0x00000000c3d00000, 0x00000000eab00000)
  object space 62464K, 12% used [0x00000000c0000000,0x00000000c07d3660,0x00000000c3d00000)
 Metaspace       used 27383K, capacity 27994K, committed 28160K, reserved 1073152K
  class space    used 3861K, capacity 4039K, committed 4096K, reserved 1048576K
Event: 6.877 GC heap after
Heap after GC invocations=8 (full 1):
 PSYoungGen      total 70656K, used 6836K [0x00000000eab00000, 0x00000000f0600000, 0x0000000100000000)
  eden space 60416K, 0% used [0x00000000eab00000,0x00000000eab00000,0x00000000ee600000)
  from space 10240K, 66% used [0x00000000ee600000,0x00000000eecad0a8,0x00000000ef000000)
  to   space 10240K, 0% used [0x00000000efc00000,0x00000000efc00000,0x00000000f0600000)
 ParOldGen       total 62464K, used 8021K [0x00000000c0000000, 0x00000000c3d00000, 0x00000000eab00000)
  object space 62464K, 12% used [0x00000000c0000000,0x00000000c07d5660,0x00000000c3d00000)
 Metaspace       used 27383K, capacity 27994K, committed 28160K, reserved 1073152K
  class space    used 3861K, capacity 4039K, committed 4096K, reserved 1048576K
}
Event: 9.313 GC heap before
{Heap before GC invocations=9 (full 1):
 PSYoungGen      total 70656K, used 67252K [0x00000000eab00000, 0x00000000f0600000, 0x0000000100000000)
  eden space 60416K, 100% used [0x00000000eab00000,0x00000000ee600000,0x00000000ee600000)
  from space 10240K, 66% used [0x00000000ee600000,0x00000000eecad0a8,0x00000000ef000000)
  to   space 10240K, 0% used [0x00000000efc00000,0x00000000efc00000,0x00000000f0600000)
 ParOldGen       total 62464K, used 8021K [0x00000000c0000000, 0x00000000c3d00000, 0x00000000eab00000)
  object space 62464K, 12% used [0x00000000c0000000,0x00000000c07d5660,0x00000000c3d00000)
 Metaspace       used 31162K, capacity 31910K, committed 32128K, reserved 1077248K
  class space    used 4458K, capacity 4686K, committed 4736K, reserved 1048576K
Event: 9.333 GC heap after
Heap after GC invocations=9 (full 1):
 PSYoungGen      total 81408K, used 10231K [0x00000000eab00000, 0x00000000f1780000, 0x0000000100000000)
  eden space 71168K, 0% used [0x00000000eab00000,0x00000000eab00000,0x00000000ef080000)
  from space 10240K, 99% used [0x00000000efc00000,0x00000000f05fddf0,0x00000000f0600000)
  to   space 11776K, 0% used [0x00000000ef080000,0x00000000ef080000,0x00000000efc00000)
 ParOldGen       total 62464K, used 8577K [0x00000000c0000000, 0x00000000c3d00000, 0x00000000eab00000)
  object space 62464K, 13% used [0x00000000c0000000,0x00000000c0860438,0x00000000c3d00000)
 Metaspace       used 31162K, capacity 31910K, committed 32128K, reserved 1077248K
  class space    used 4458K, capacity 4686K, committed 4736K, reserved 1048576K
}
Event: 9.976 GC heap before
{Heap before GC invocations=10 (full 1):
 PSYoungGen      total 81408K, used 28701K [0x00000000eab00000, 0x00000000f1780000, 0x0000000100000000)
  eden space 71168K, 25% used [0x00000000eab00000,0x00000000ebd09740,0x00000000ef080000)
  from space 10240K, 99% used [0x00000000efc00000,0x00000000f05fddf0,0x00000000f0600000)
  to   space 11776K, 0% used [0x00000000ef080000,0x00000000ef080000,0x00000000efc00000)
 ParOldGen       total 62464K, used 8577K [0x00000000c0000000, 0x00000000c3d00000, 0x00000000eab00000)
  object space 62464K, 13% used [0x00000000c0000000,0x00000000c0860438,0x00000000c3d00000)
 Metaspace       used 34642K, capacity 35334K, committed 35456K, reserved 1079296K
  class space    used 4917K, capacity 5149K, committed 5248K, reserved 1048576K
Event: 9.996 GC heap after
Heap after GC invocations=10 (full 1):
 PSYoungGen      total 82944K, used 10196K [0x00000000eab00000, 0x00000000f1e80000, 0x0000000100000000)
  eden space 71168K, 0% used [0x00000000eab00000,0x00000000eab00000,0x00000000ef080000)
  from space 11776K, 86% used [0x00000000ef080000,0x00000000efa75240,0x00000000efc00000)
  to   space 12288K, 0% used [0x00000000f1280000,0x00000000f1280000,0x00000000f1e80000)
 ParOldGen       total 62464K, used 8585K [0x00000000c0000000, 0x00000000c3d00000, 0x00000000eab00000)
  object space 62464K, 13% used [0x00000000c0000000,0x00000000c0862438,0x00000000c3d00000)
 Metaspace       used 34642K, capacity 35334K, committed 35456K, reserved 1079296K
  class space    used 4917K, capacity 5149K, committed 5248K, reserved 1048576K
}
Event: 9.996 GC heap before
{Heap before GC invocations=11 (full 2):
 PSYoungGen      total 82944K, used 10196K [0x00000000eab00000, 0x00000000f1e80000, 0x0000000100000000)
  eden space 71168K, 0% used [0x00000000eab00000,0x00000000eab00000,0x00000000ef080000)
  from space 11776K, 86% used [0x00000000ef080000,0x00000000efa75240,0x00000000efc00000)
  to   space 12288K, 0% used [0x00000000f1280000,0x00000000f1280000,0x00000000f1e80000)
 ParOldGen       total 62464K, used 8585K [0x00000000c0000000, 0x00000000c3d00000, 0x00000000eab00000)
  object space 62464K, 13% used [0x00000000c0000000,0x00000000c0862438,0x00000000c3d00000)
 Metaspace       used 34642K, capacity 35334K, committed 35456K, reserved 1079296K
  class space    used 4917K, capacity 5149K, committed 5248K, reserved 1048576K
Event: 10.135 GC heap after
Heap after GC invocations=11 (full 2):
 PSYoungGen      total 82944K, used 0K [0x00000000eab00000, 0x00000000f1e80000, 0x0000000100000000)
  eden space 71168K, 0% used [0x00000000eab00000,0x00000000eab00000,0x00000000ef080000)
  from space 11776K, 0% used [0x00000000ef080000,0x00000000ef080000,0x00000000efc00000)
  to   space 12288K, 0% used [0x00000000f1280000,0x00000000f1280000,0x00000000f1e80000)
 ParOldGen       total 98816K, used 16563K [0x00000000c0000000, 0x00000000c6080000, 0x00000000eab00000)
  object space 98816K, 16% used [0x00000000c0000000,0x00000000c102ccc0,0x00000000c6080000)
 Metaspace       used 34642K, capacity 35334K, committed 35456K, reserved 1079296K
  class space    used 4917K, capacity 5149K, committed 5248K, reserved 1048576K
}

