# JRE version: Java(TM) SE Runtime Environment (8.0_77-b03) (build 1.8.0_77-b03)
# Java VM: Java HotSpot(TM) 64-Bit Server VM (25.77-b03 mixed mode windows-amd64 compressed oops)
Heap:
 PSYoungGen      total 140800K, used 50363K [0x00000000eab00000, 0x00000000f5200000, 0x0000000100000000)
  eden space 131072K, 38% used [0x00000000eab00000,0x00000000edc2ec10,0x00000000f2b00000)
  from space 9728K, 0% used [0x00000000f2b00000,0x00000000f2b00000,0x00000000f3480000)
  to   space 13312K, 0% used [0x00000000f4500000,0x00000000f4500000,0x00000000f5200000)
 ParOldGen       total 103936K, used 20045K [0x00000000c0000000, 0x00000000c6580000, 0x00000000eab00000)
  object space 103936K, 19% used [0x00000000c0000000,0x00000000c1393710,0x00000000c6580000)
 Metaspace       used 37406K, capacity 38216K, committed 38400K, reserved 1081344K
  class space    used 5267K, capacity 5554K, committed 5632K, reserved 1048576K
GC Heap History (10 events):
Event: 5.624 GC heap before
{Heap before GC invocations=5 (full 0):
 PSYoungGen      total 71680K, used 20678K [0x00000000eab00000, 0x00000000ef600000, 0x0000000100000000)
  eden space 66560K, 23% used [0x00000000eab00000,0x00000000eba39ae8,0x00000000eec00000)
  from space 5120K, 99% used [0x00000000ef100000,0x00000000ef5f8020,0x00000000ef600000)
  to   space 5120K, 0% used [0x00000000eec00000,0x00000000eec00000,0x00000000ef100000)
 ParOldGen       total 87552K, used 5417K [0x00000000c0000000, 0x00000000c5580000, 0x00000000eab00000)
  object space 87552K, 6% used [0x00000000c0000000,0x00000000c054a5b0,0x00000000c5580000)
 Metaspace       used 20781K, capacity 21154K, committed 21296K, reserved 1067008K
  class space    used 2973K, capacity 3132K, committed 3200K, reserved 1048576K
Event: 5.648 GC heap after
Heap after GC invocations=5 (full 0):
 PSYoungGen      total 71680K, used 5092K [0x00000000eab00000, 0x00000000f4100000, 0x0000000100000000)
  eden space 66560K, 0% used [0x00000000eab00000,0x00000000eab00000,0x00000000eec00000)
  from space 5120K, 99% used [0x00000000eec00000,0x00000000ef0f9050,0x00000000ef100000)
  to   space 10240K, 0% used [0x00000000f3700000,0x00000000f3700000,0x00000000f4100000)
 ParOldGen       total 87552K, used 8018K [0x00000000c0000000, 0x00000000c5580000, 0x00000000eab00000)
  object space 87552K, 9% used [0x00000000c0000000,0x00000000c07d49e8,0x00000000c5580000)
 Metaspace       used 20781K, capacity 21154K, committed 21296K, reserved 1067008K
  class space    used 2973K, capacity 3132K, committed 3200K, reserved 1048576K
}
Event: 5.648 GC heap before
{Heap before GC invocations=6 (full 1):
 PSYoungGen      total 71680K, used 5092K [0x00000000eab00000, 0x00000000f4100000, 0x0000000100000000)
  eden space 66560K, 0% used [0x00000000eab00000,0x00000000eab00000,0x00000000eec00000)
  from space 5120K, 99% used [0x00000000eec00000,0x00000000ef0f9050,0x00000000ef100000)
  to   space 10240K, 0% used [0x00000000f3700000,0x00000000f3700000,0x00000000f4100000)
 ParOldGen       total 87552K, used 8018K [0x00000000c0000000, 0x00000000c5580000, 0x00000000eab00000)
  object space 87552K, 9% used [0x00000000c0000000,0x00000000c07d49e8,0x00000000c5580000)
 Metaspace       used 20781K, capacity 21154K, committed 21296K, reserved 1067008K
  class space    used 2973K, capacity 3132K, committed 3200K, reserved 1048576K
Event: 5.731 GC heap after
Heap after GC invocations=6 (full 1):
 PSYoungGen      total 71680K, used 0K [0x00000000eab00000, 0x00000000f4100000, 0x0000000100000000)
  eden space 66560K, 0% used [0x00000000eab00000,0x00000000eab00000,0x00000000eec00000)
  from space 5120K, 0% used [0x00000000eec00000,0x00000000eec00000,0x00000000ef100000)
  to   space 10240K, 0% used [0x00000000f3700000,0x00000000f3700000,0x00000000f4100000)
 ParOldGen       total 60928K, used 8005K [0x00000000c0000000, 0x00000000c3b80000, 0x00000000eab00000)
  object space 60928K, 13% used [0x00000000c0000000,0x00000000c07d16b8,0x00000000c3b80000)
 Metaspace       used 20781K, capacity 21154K, committed 21296K, reserved 1067008K
  class space    used 2973K, capacity 3132K, committed 3200K, reserved 1048576K
}
Event: 8.158 GC heap before
{Heap before GC invocations=7 (full 1):
 PSYoungGen      total 71680K, used 66462K [0x00000000eab00000, 0x00000000f4100000, 0x0000000100000000)
  eden space 66560K, 99% used [0x00000000eab00000,0x00000000eebe7b90,0x00000000eec00000)
  from space 5120K, 0% used [0x00000000eec00000,0x00000000eec00000,0x00000000ef100000)
  to   space 10240K, 0% used [0x00000000f3700000,0x00000000f3700000,0x00000000f4100000)
 ParOldGen       total 60928K, used 8005K [0x00000000c0000000, 0x00000000c3b80000, 0x00000000eab00000)
  object space 60928K, 13% used [0x00000000c0000000,0x00000000c07d16b8,0x00000000c3b80000)
 Metaspace       used 26087K, capacity 26546K, committed 26752K, reserved 1073152K
  class space    used 3737K, capacity 3898K, committed 3968K, reserved 1048576K
Event: 8.170 GC heap after
Heap after GC invocations=7 (full 1):
 PSYoungGen      total 106496K, used 7003K [0x00000000eab00000, 0x00000000f3e00000, 0x0000000100000000)
  eden space 99328K, 0% used [0x00000000eab00000,0x00000000eab00000,0x00000000f0c00000)
  from space 7168K, 97% used [0x00000000f3700000,0x00000000f3dd6c28,0x00000000f3e00000)
  to   space 9728K, 0% used [0x00000000f2b00000,0x00000000f2b00000,0x00000000f3480000)
 ParOldGen       total 60928K, used 8013K [0x00000000c0000000, 0x00000000c3b80000, 0x00000000eab00000)
  object space 60928K, 13% used [0x00000000c0000000,0x00000000c07d36b8,0x00000000c3b80000)
 Metaspace       used 26087K, capacity 26546K, committed 26752K, reserved 1073152K
  class space    used 3737K, capacity 3898K, committed 3968K, reserved 1048576K
}
Event: 11.797 GC heap before
{Heap before GC invocations=8 (full 1):
 PSYoungGen      total 106496K, used 102252K [0x00000000eab00000, 0x00000000f3e00000, 0x0000000100000000)
  eden space 99328K, 95% used [0x00000000eab00000,0x00000000f0804480,0x00000000f0c00000)
  from space 7168K, 97% used [0x00000000f3700000,0x00000000f3dd6c28,0x00000000f3e00000)
  to   space 9728K, 0% used [0x00000000f2b00000,0x00000000f2b00000,0x00000000f3480000)
 ParOldGen       total 60928K, used 8013K [0x00000000c0000000, 0x00000000c3b80000, 0x00000000eab00000)
  object space 60928K, 13% used [0x00000000c0000000,0x00000000c07d36b8,0x00000000c3b80000)
 Metaspace       used 34481K, capacity 35274K, committed 35456K, reserved 1079296K
  class space    used 4911K, capacity 5149K, committed 5248K, reserved 1048576K
Event: 11.817 GC heap after
Heap after GC invocations=8 (full 1):
 PSYoungGen      total 140800K, used 9701K [0x00000000eab00000, 0x00000000f5200000, 0x0000000100000000)
  eden space 131072K, 0% used [0x00000000eab00000,0x00000000eab00000,0x00000000f2b00000)
  from space 9728K, 99% used [0x00000000f2b00000,0x00000000f3479500,0x00000000f3480000)
  to   space 13312K, 0% used [0x00000000f4500000,0x00000000f4500000,0x00000000f5200000)
 ParOldGen       total 60928K, used 12232K [0x00000000c0000000, 0x00000000c3b80000, 0x00000000eab00000)
  object space 60928K, 20% used [0x00000000c0000000,0x00000000c0bf2098,0x00000000c3b80000)
 Metaspace       used 34481K, capacity 35274K, committed 35456K, reserved 1079296K
  class space    used 4911K, capacity 5149K, committed 5248K, reserved 1048576K
}
Event: 11.817 GC heap before
{Heap before GC invocations=9 (full 2):
 PSYoungGen      total 140800K, used 9701K [0x00000000eab00000, 0x00000000f5200000, 0x0000000100000000)
  eden space 131072K, 0% used [0x00000000eab00000,0x00000000eab00000,0x00000000f2b00000)
  from space 9728K, 99% used [0x00000000f2b00000,0x00000000f3479500,0x00000000f3480000)
  to   space 13312K, 0% used [0x00000000f4500000,0x00000000f4500000,0x00000000f5200000)
 ParOldGen       total 60928K, used 12232K [0x00000000c0000000, 0x00000000c3b80000, 0x00000000eab00000)
  object space 60928K, 20% used [0x00000000c0000000,0x00000000c0bf2098,0x00000000c3b80000)
 Metaspace       used 34481K, capacity 35274K, committed 35456K, reserved 1079296K
  class space    used 4911K, capacity 5149K, committed 5248K, reserved 1048576K
Event: 11.948 GC heap after
Heap after GC invocations=9 (full 2):
 PSYoungGen      total 140800K, used 0K [0x00000000eab00000, 0x00000000f5200000, 0x0000000100000000)
  eden space 131072K, 0% used [0x00000000eab00000,0x00000000eab00000,0x00000000f2b00000)
  from space 9728K, 0% used [0x00000000f2b00000,0x00000000f2b00000,0x00000000f3480000)
  to   space 13312K, 0% used [0x00000000f4500000,0x00000000f4500000,0x00000000f5200000)
 ParOldGen       total 103936K, used 20045K [0x00000000c0000000, 0x00000000c6580000, 0x00000000eab00000)
  object space 103936K, 19% used [0x00000000c0000000,0x00000000c1393710,0x00000000c6580000)
 Metaspace       used 34481K, capacity 35274K, committed 35456K, reserved 1079296K
  class space    used 4911K, capacity 5149K, committed 5248K, reserved 1048576K
}

