# JRE version: Java(TM) SE Runtime Environment (8.0_77-b03) (build 1.8.0_77-b03)
# Java VM: Java HotSpot(TM) 64-Bit Server VM (25.77-b03 mixed mode windows-amd64 compressed oops)
Heap:
 PSYoungGen      total 89088K, used 65306K [0x00000000eab00000, 0x00000000f2800000, 0x0000000100000000)
  eden space 77312K, 84% used [0x00000000eab00000,0x00000000eeac68f8,0x00000000ef680000)
  from space 11776K, 0% used [0x00000000ef680000,0x00000000ef680000,0x00000000f0200000)
  to   space 12288K, 0% used [0x00000000f1c00000,0x00000000f1c00000,0x00000000f2800000)
 ParOldGen       total 96768K, used 17339K [0x00000000c0000000, 0x00000000c5e80000, 0x00000000eab00000)
  object space 96768K, 17% used [0x00000000c0000000,0x00000000c10eed30,0x00000000c5e80000)
 Metaspace       used 40119K, capacity 40896K, committed 41216K, reserved 1085440K
  class space    used 5551K, capacity 5780K, committed 5888K, reserved 1048576K
GC Heap History (10 events):
Event: 8.007 GC heap before
{Heap before GC invocations=7 (full 1):
 PSYoungGen      total 38400K, used 33280K [0x00000000eab00000, 0x00000000f0000000, 0x0000000100000000)
  eden space 33280K, 100% used [0x00000000eab00000,0x00000000ecb80000,0x00000000ecb80000)
  from space 5120K, 0% used [0x00000000ecb80000,0x00000000ecb80000,0x00000000ed080000)
  to   space 10240K, 0% used [0x00000000ef600000,0x00000000ef600000,0x00000000f0000000)
 ParOldGen       total 60416K, used 8007K [0x00000000c0000000, 0x00000000c3b00000, 0x00000000eab00000)
  object space 60416K, 13% used [0x00000000c0000000,0x00000000c07d1c88,0x00000000c3b00000)
 Metaspace       used 23896K, capacity 24322K, committed 24576K, reserved 1071104K
  class space    used 3372K, capacity 3524K, committed 3584K, reserved 1048576K
Event: 8.014 GC heap after
Heap after GC invocations=7 (full 1):
 PSYoungGen      total 55296K, used 3594K [0x00000000eab00000, 0x00000000efa00000, 0x0000000100000000)
  eden space 51200K, 0% used [0x00000000eab00000,0x00000000eab00000,0x00000000edd00000)
  from space 4096K, 87% used [0x00000000ef600000,0x00000000ef982b40,0x00000000efa00000)
  to   space 10240K, 0% used [0x00000000ee600000,0x00000000ee600000,0x00000000ef000000)
 ParOldGen       total 60416K, used 8015K [0x00000000c0000000, 0x00000000c3b00000, 0x00000000eab00000)
  object space 60416K, 13% used [0x00000000c0000000,0x00000000c07d3c88,0x00000000c3b00000)
 Metaspace       used 23896K, capacity 24322K, committed 24576K, reserved 1071104K
  class space    used 3372K, capacity 3524K, committed 3584K, reserved 1048576K
}
Event: 10.197 GC heap before
{Heap before GC invocations=8 (full 1):
 PSYoungGen      total 55296K, used 54794K [0x00000000eab00000, 0x00000000efa00000, 0x0000000100000000)
  eden space 51200K, 100% used [0x00000000eab00000,0x00000000edd00000,0x00000000edd00000)
  from space 4096K, 87% used [0x00000000ef600000,0x00000000ef982b40,0x00000000efa00000)
  to   space 10240K, 0% used [0x00000000ee600000,0x00000000ee600000,0x00000000ef000000)
 ParOldGen       total 60416K, used 8015K [0x00000000c0000000, 0x00000000c3b00000, 0x00000000eab00000)
  object space 60416K, 13% used [0x00000000c0000000,0x00000000c07d3c88,0x00000000c3b00000)
 Metaspace       used 27506K, capacity 28134K, committed 28416K, reserved 1073152K
  class space    used 3869K, capacity 4039K, committed 4096K, reserved 1048576K
Event: 10.227 GC heap after
Heap after GC invocations=8 (full 1):
 PSYoungGen      total 70656K, used 7099K [0x00000000eab00000, 0x00000000f0c00000, 0x0000000100000000)
  eden space 60416K, 0% used [0x00000000eab00000,0x00000000eab00000,0x00000000ee600000)
  from space 10240K, 69% used [0x00000000ee600000,0x00000000eeceece8,0x00000000ef000000)
  to   space 10240K, 0% used [0x00000000f0200000,0x00000000f0200000,0x00000000f0c00000)
 ParOldGen       total 60416K, used 8023K [0x00000000c0000000, 0x00000000c3b00000, 0x00000000eab00000)
  object space 60416K, 13% used [0x00000000c0000000,0x00000000c07d5c88,0x00000000c3b00000)
 Metaspace       used 27506K, capacity 28134K, committed 28416K, reserved 1073152K
  class space    used 3869K, capacity 4039K, committed 4096K, reserved 1048576K
}
Event: 12.824 GC heap before
{Heap before GC invocations=9 (full 1):
 PSYoungGen      total 70656K, used 67515K [0x00000000eab00000, 0x00000000f0c00000, 0x0000000100000000)
  eden space 60416K, 100% used [0x00000000eab00000,0x00000000ee600000,0x00000000ee600000)
  from space 10240K, 69% used [0x00000000ee600000,0x00000000eeceece8,0x00000000ef000000)
  to   space 10240K, 0% used [0x00000000f0200000,0x00000000f0200000,0x00000000f0c00000)
 ParOldGen       total 60416K, used 8023K [0x00000000c0000000, 0x00000000c3b00000, 0x00000000eab00000)
  object space 60416K, 13% used [0x00000000c0000000,0x00000000c07d5c88,0x00000000c3b00000)
 Metaspace       used 31327K, capacity 31996K, committed 32128K, reserved 1077248K
  class space    used 4502K, capacity 4708K, committed 4736K, reserved 1048576K
Event: 12.843 GC heap after
Heap after GC invocations=9 (full 1):
 PSYoungGen      total 87552K, used 10232K [0x00000000eab00000, 0x00000000f1b00000, 0x0000000100000000)
  eden space 77312K, 0% used [0x00000000eab00000,0x00000000eab00000,0x00000000ef680000)
  from space 10240K, 99% used [0x00000000f0200000,0x00000000f0bfe248,0x00000000f0c00000)
  to   space 11776K, 0% used [0x00000000ef680000,0x00000000ef680000,0x00000000f0200000)
 ParOldGen       total 60416K, used 8497K [0x00000000c0000000, 0x00000000c3b00000, 0x00000000eab00000)
  object space 60416K, 14% used [0x00000000c0000000,0x00000000c084c680,0x00000000c3b00000)
 Metaspace       used 31327K, capacity 31996K, committed 32128K, reserved 1077248K
  class space    used 4502K, capacity 4708K, committed 4736K, reserved 1048576K
}
Event: 14.106 GC heap before
{Heap before GC invocations=10 (full 1):
 PSYoungGen      total 87552K, used 34900K [0x00000000eab00000, 0x00000000f1b00000, 0x0000000100000000)
  eden space 77312K, 31% used [0x00000000eab00000,0x00000000ec316f58,0x00000000ef680000)
  from space 10240K, 99% used [0x00000000f0200000,0x00000000f0bfe248,0x00000000f0c00000)
  to   space 11776K, 0% used [0x00000000ef680000,0x00000000ef680000,0x00000000f0200000)
 ParOldGen       total 60416K, used 8497K [0x00000000c0000000, 0x00000000c3b00000, 0x00000000eab00000)
  object space 60416K, 14% used [0x00000000c0000000,0x00000000c084c680,0x00000000c3b00000)
 Metaspace       used 34593K, capacity 35336K, committed 35496K, reserved 1079296K
  class space    used 4844K, capacity 5057K, committed 5120K, reserved 1048576K
Event: 14.137 GC heap after
Heap after GC invocations=10 (full 1):
 PSYoungGen      total 89088K, used 9313K [0x00000000eab00000, 0x00000000f2800000, 0x0000000100000000)
  eden space 77312K, 0% used [0x00000000eab00000,0x00000000eab00000,0x00000000ef680000)
  from space 11776K, 79% used [0x00000000ef680000,0x00000000eff985c0,0x00000000f0200000)
  to   space 12288K, 0% used [0x00000000f1c00000,0x00000000f1c00000,0x00000000f2800000)
 ParOldGen       total 60416K, used 10201K [0x00000000c0000000, 0x00000000c3b00000, 0x00000000eab00000)
  object space 60416K, 16% used [0x00000000c0000000,0x00000000c09f6530,0x00000000c3b00000)
 Metaspace       used 34593K, capacity 35336K, committed 35496K, reserved 1079296K
  class space    used 4844K, capacity 5057K, committed 5120K, reserved 1048576K
}
Event: 14.137 GC heap before
{Heap before GC invocations=11 (full 2):
 PSYoungGen      total 89088K, used 9313K [0x00000000eab00000, 0x00000000f2800000, 0x0000000100000000)
  eden space 77312K, 0% used [0x00000000eab00000,0x00000000eab00000,0x00000000ef680000)
  from space 11776K, 79% used [0x00000000ef680000,0x00000000eff985c0,0x00000000f0200000)
  to   space 12288K, 0% used [0x00000000f1c00000,0x00000000f1c00000,0x00000000f2800000)
 ParOldGen       total 60416K, used 10201K [0x00000000c0000000, 0x00000000c3b00000, 0x00000000eab00000)
  object space 60416K, 16% used [0x00000000c0000000,0x00000000c09f6530,0x00000000c3b00000)
 Metaspace       used 34593K, capacity 35336K, committed 35496K, reserved 1079296K
  class space    used 4844K, capacity 5057K, committed 5120K, reserved 1048576K
Event: 14.320 GC heap after
Heap after GC invocations=11 (full 2):
 PSYoungGen      total 89088K, used 0K [0x00000000eab00000, 0x00000000f2800000, 0x0000000100000000)
  eden space 77312K, 0% used [0x00000000eab00000,0x00000000eab00000,0x00000000ef680000)
  from space 11776K, 0% used [0x00000000ef680000,0x00000000ef680000,0x00000000f0200000)
  to   space 12288K, 0% used [0x00000000f1c00000,0x00000000f1c00000,0x00000000f2800000)
 ParOldGen       total 96768K, used 17339K [0x00000000c0000000, 0x00000000c5e80000, 0x00000000eab00000)
  object space 96768K, 17% used [0x00000000c0000000,0x00000000c10eed30,0x00000000c5e80000)
 Metaspace       used 34570K, capacity 35248K, committed 35496K, reserved 1079296K
  class space    used 4837K, capacity 5049K, committed 5120K, reserved 1048576K
}

