# JRE version: Java(TM) SE Runtime Environment (8.0_77-b03) (build 1.8.0_77-b03)
# Java VM: Java HotSpot(TM) 64-Bit Server VM (25.77-b03 mixed mode windows-amd64 compressed oops)
Heap:
 PSYoungGen      total 140800K, used 59620K [0x00000000eab00000, 0x00000000f5e80000, 0x0000000100000000)
  eden space 131072K, 45% used [0x00000000eab00000,0x00000000ee539078,0x00000000f2b00000)
  from space 9728K, 0% used [0x00000000f2b00000,0x00000000f2b00000,0x00000000f3480000)
  to   space 12800K, 0% used [0x00000000f5200000,0x00000000f5200000,0x00000000f5e80000)
 ParOldGen       total 98816K, used 19398K [0x00000000c0000000, 0x00000000c6080000, 0x00000000eab00000)
  object space 98816K, 19% used [0x00000000c0000000,0x00000000c12f1b38,0x00000000c6080000)
 Metaspace       used 39112K, capacity 39644K, committed 39936K, reserved 1083392K
  class space    used 5387K, capacity 5593K, committed 5632K, reserved 1048576K
GC Heap History (10 events):
Event: 6.344 GC heap before
{Heap before GC invocations=5 (full 0):
 PSYoungGen      total 71680K, used 17977K [0x00000000eab00000, 0x00000000ef600000, 0x0000000100000000)
  eden space 66560K, 19% used [0x00000000eab00000,0x00000000eb7925f8,0x00000000eec00000)
  from space 5120K, 99% used [0x00000000ef100000,0x00000000ef5fc030,0x00000000ef600000)
  to   space 5120K, 0% used [0x00000000eec00000,0x00000000eec00000,0x00000000ef100000)
 ParOldGen       total 87552K, used 5634K [0x00000000c0000000, 0x00000000c5580000, 0x00000000eab00000)
  object space 87552K, 6% used [0x00000000c0000000,0x00000000c0580b90,0x00000000c5580000)
 Metaspace       used 20719K, capacity 21080K, committed 21296K, reserved 1067008K
  class space    used 2961K, capacity 3078K, committed 3200K, reserved 1048576K
Event: 6.356 GC heap after
Heap after GC invocations=5 (full 0):
 PSYoungGen      total 71680K, used 5092K [0x00000000eab00000, 0x00000000f4100000, 0x0000000100000000)
  eden space 66560K, 0% used [0x00000000eab00000,0x00000000eab00000,0x00000000eec00000)
  from space 5120K, 99% used [0x00000000eec00000,0x00000000ef0f9070,0x00000000ef100000)
  to   space 10240K, 0% used [0x00000000f3700000,0x00000000f3700000,0x00000000f4100000)
 ParOldGen       total 87552K, used 7966K [0x00000000c0000000, 0x00000000c5580000, 0x00000000eab00000)
  object space 87552K, 9% used [0x00000000c0000000,0x00000000c07c7b98,0x00000000c5580000)
 Metaspace       used 20719K, capacity 21080K, committed 21296K, reserved 1067008K
  class space    used 2961K, capacity 3078K, committed 3200K, reserved 1048576K
}
Event: 6.356 GC heap before
{Heap before GC invocations=6 (full 1):
 PSYoungGen      total 71680K, used 5092K [0x00000000eab00000, 0x00000000f4100000, 0x0000000100000000)
  eden space 66560K, 0% used [0x00000000eab00000,0x00000000eab00000,0x00000000eec00000)
  from space 5120K, 99% used [0x00000000eec00000,0x00000000ef0f9070,0x00000000ef100000)
  to   space 10240K, 0% used [0x00000000f3700000,0x00000000f3700000,0x00000000f4100000)
 ParOldGen       total 87552K, used 7966K [0x00000000c0000000, 0x00000000c5580000, 0x00000000eab00000)
  object space 87552K, 9% used [0x00000000c0000000,0x00000000c07c7b98,0x00000000c5580000)
 Metaspace       used 20719K, capacity 21080K, committed 21296K, reserved 1067008K
  class space    used 2961K, capacity 3078K, committed 3200K, reserved 1048576K
Event: 6.424 GC heap after
Heap after GC invocations=6 (full 1):
 PSYoungGen      total 71680K, used 0K [0x00000000eab00000, 0x00000000f4100000, 0x0000000100000000)
  eden space 66560K, 0% used [0x00000000eab00000,0x00000000eab00000,0x00000000eec00000)
  from space 5120K, 0% used [0x00000000eec00000,0x00000000eec00000,0x00000000ef100000)
  to   space 10240K, 0% used [0x00000000f3700000,0x00000000f3700000,0x00000000f4100000)
 ParOldGen       total 59392K, used 7882K [0x00000000c0000000, 0x00000000c3a00000, 0x00000000eab00000)
  object space 59392K, 13% used [0x00000000c0000000,0x00000000c07b29c8,0x00000000c3a00000)
 Metaspace       used 20719K, capacity 21080K, committed 21296K, reserved 1067008K
  class space    used 2961K, capacity 3078K, committed 3200K, reserved 1048576K
}
Event: 9.000 GC heap before
{Heap before GC invocations=7 (full 1):
 PSYoungGen      total 71680K, used 66560K [0x00000000eab00000, 0x00000000f4100000, 0x0000000100000000)
  eden space 66560K, 100% used [0x00000000eab00000,0x00000000eec00000,0x00000000eec00000)
  from space 5120K, 0% used [0x00000000eec00000,0x00000000eec00000,0x00000000ef100000)
  to   space 10240K, 0% used [0x00000000f3700000,0x00000000f3700000,0x00000000f4100000)
 ParOldGen       total 59392K, used 7882K [0x00000000c0000000, 0x00000000c3a00000, 0x00000000eab00000)
  object space 59392K, 13% used [0x00000000c0000000,0x00000000c07b29c8,0x00000000c3a00000)
 Metaspace       used 26479K, capacity 26872K, committed 27008K, reserved 1073152K
  class space    used 3739K, capacity 3869K, committed 3968K, reserved 1048576K
Event: 9.020 GC heap after
Heap after GC invocations=7 (full 1):
 PSYoungGen      total 111104K, used 7062K [0x00000000eab00000, 0x00000000f3e00000, 0x0000000100000000)
  eden space 103936K, 0% used [0x00000000eab00000,0x00000000eab00000,0x00000000f1080000)
  from space 7168K, 98% used [0x00000000f3700000,0x00000000f3de5bf0,0x00000000f3e00000)
  to   space 9728K, 0% used [0x00000000f2b00000,0x00000000f2b00000,0x00000000f3480000)
 ParOldGen       total 59392K, used 7890K [0x00000000c0000000, 0x00000000c3a00000, 0x00000000eab00000)
  object space 59392K, 13% used [0x00000000c0000000,0x00000000c07b49c8,0x00000000c3a00000)
 Metaspace       used 26479K, capacity 26872K, committed 27008K, reserved 1073152K
  class space    used 3739K, capacity 3869K, committed 3968K, reserved 1048576K
}
Event: 12.379 GC heap before
{Heap before GC invocations=8 (full 1):
 PSYoungGen      total 111104K, used 93954K [0x00000000eab00000, 0x00000000f3e00000, 0x0000000100000000)
  eden space 103936K, 83% used [0x00000000eab00000,0x00000000effdac20,0x00000000f1080000)
  from space 7168K, 98% used [0x00000000f3700000,0x00000000f3de5bf0,0x00000000f3e00000)
  to   space 9728K, 0% used [0x00000000f2b00000,0x00000000f2b00000,0x00000000f3480000)
 ParOldGen       total 59392K, used 7890K [0x00000000c0000000, 0x00000000c3a00000, 0x00000000eab00000)
  object space 59392K, 13% used [0x00000000c0000000,0x00000000c07b49c8,0x00000000c3a00000)
 Metaspace       used 34911K, capacity 35382K, committed 35496K, reserved 1079296K
  class space    used 4877K, capacity 5026K, committed 5120K, reserved 1048576K
Event: 12.396 GC heap after
Heap after GC invocations=8 (full 1):
 PSYoungGen      total 140800K, used 9702K [0x00000000eab00000, 0x00000000f5e80000, 0x0000000100000000)
  eden space 131072K, 0% used [0x00000000eab00000,0x00000000eab00000,0x00000000f2b00000)
  from space 9728K, 99% used [0x00000000f2b00000,0x00000000f34799b8,0x00000000f3480000)
  to   space 12800K, 0% used [0x00000000f5200000,0x00000000f5200000,0x00000000f5e80000)
 ParOldGen       total 59392K, used 11101K [0x00000000c0000000, 0x00000000c3a00000, 0x00000000eab00000)
  object space 59392K, 18% used [0x00000000c0000000,0x00000000c0ad74e8,0x00000000c3a00000)
 Metaspace       used 34911K, capacity 35382K, committed 35496K, reserved 1079296K
  class space    used 4877K, capacity 5026K, committed 5120K, reserved 1048576K
}
Event: 12.396 GC heap before
{Heap before GC invocations=9 (full 2):
 PSYoungGen      total 140800K, used 9702K [0x00000000eab00000, 0x00000000f5e80000, 0x0000000100000000)
  eden space 131072K, 0% used [0x00000000eab00000,0x00000000eab00000,0x00000000f2b00000)
  from space 9728K, 99% used [0x00000000f2b00000,0x00000000f34799b8,0x00000000f3480000)
  to   space 12800K, 0% used [0x00000000f5200000,0x00000000f5200000,0x00000000f5e80000)
 ParOldGen       total 59392K, used 11101K [0x00000000c0000000, 0x00000000c3a00000, 0x00000000eab00000)
  object space 59392K, 18% used [0x00000000c0000000,0x00000000c0ad74e8,0x00000000c3a00000)
 Metaspace       used 34911K, capacity 35382K, committed 35496K, reserved 1079296K
  class space    used 4877K, capacity 5026K, committed 5120K, reserved 1048576K
Event: 12.521 GC heap after
Heap after GC invocations=9 (full 2):
 PSYoungGen      total 140800K, used 0K [0x00000000eab00000, 0x00000000f5e80000, 0x0000000100000000)
  eden space 131072K, 0% used [0x00000000eab00000,0x00000000eab00000,0x00000000f2b00000)
  from space 9728K, 0% used [0x00000000f2b00000,0x00000000f2b00000,0x00000000f3480000)
  to   space 12800K, 0% used [0x00000000f5200000,0x00000000f5200000,0x00000000f5e80000)
 ParOldGen       total 98816K, used 19398K [0x00000000c0000000, 0x00000000c6080000, 0x00000000eab00000)
  object space 98816K, 19% used [0x00000000c0000000,0x00000000c12f1b38,0x00000000c6080000)
 Metaspace       used 34887K, capacity 35294K, committed 35496K, reserved 1079296K
  class space    used 4870K, capacity 5018K, committed 5120K, reserved 1048576K
}

